#
# There is insufficient memory for the Java Runtime Environment to continue.
# Native memory allocation (malloc) failed to allocate 1857088 bytes for Chunk::new
# Possible reasons:
#   The system is out of physical RAM or swap space
#   In 32 bit mode, the process size limit was hit
# Possible solutions:
#   Reduce memory load on the system
#   Increase physical memory or swap space
#   Check if swap backing store is full
#   Use 64 bit Java on a 64 bit OS
#   Decrease Java heap size (-Xmx/-Xms)
#   Decrease number of Java threads
#   Decrease Java thread stack sizes (-Xss)
#   Set larger code cache with -XX:ReservedCodeCacheSize=
# This output file may be truncated or incomplete.
#
#  Out of Memory Error (allocation.cpp:390), pid=2584, tid=0x00000000000015e4
#
# JRE version: Java(TM) SE Runtime Environment (8.0_144-b01) (build 1.8.0_144-b01)
# Java VM: Java HotSpot(TM) 64-Bit Server VM (25.144-b01 mixed mode windows-amd64 compressed oops)
# Failed to write core dump. Minidumps are not enabled by default on client versions of Windows
#

---------------  T H R E A D  ---------------

Current thread (0x00000000184d1800):  JavaThread "C2 CompilerThread0" daemon [_thread_in_native, id=5604, stack(0x0000000018930000,0x0000000018a30000)]

Stack: [0x0000000018930000,0x0000000018a30000]
[error occurred during error reporting (printing stack bounds), id 0xc0000005]

Native frames: (J=compiled Java code, j=interpreted, Vv=VM code, C=native code)


Current CompileTask:
C2:  35509 5998       4       org.jetbrains.org.objectweb.asm.ClassReader::readCode (3343 bytes)


---------------  P R O C E S S  ---------------

Java Threads: ( => current thread )
  0x000000001b483000 JavaThread "Thread-0" [_thread_in_Java, id=3968, stack(0x000000001f7e0000,0x000000001f8e0000)]
  0x000000001afd7000 JavaThread "Abandoned connection cleanup thread" daemon [_thread_blocked, id=4756, stack(0x000000001a700000,0x000000001a800000)]
  0x0000000016e4e800 JavaThread "Service Thread" daemon [_thread_blocked, id=3776, stack(0x0000000018c30000,0x0000000018d30000)]
  0x0000000016e4d800 JavaThread "C1 CompilerThread2" daemon [_thread_blocked, id=3052, stack(0x0000000018b30000,0x0000000018c30000)]
  0x0000000018512800 JavaThread "C2 CompilerThread1" daemon [_thread_in_native, id=6908, stack(0x0000000018a30000,0x0000000018b30000)]
=>0x00000000184d1800 JavaThread "C2 CompilerThread0" daemon [_thread_in_native, id=5604, stack(0x0000000018930000,0x0000000018a30000)]
  0x0000000018479000 JavaThread "Monitor Ctrl-Break" daemon [_thread_in_native, id=5584, stack(0x0000000018830000,0x0000000018930000)]
  0x0000000016e01800 JavaThread "Attach Listener" daemon [_thread_blocked, id=7304, stack(0x0000000018330000,0x0000000018430000)]
  0x0000000016dfe000 JavaThread "Signal Dispatcher" daemon [_thread_blocked, id=7348, stack(0x0000000018230000,0x0000000018330000)]
  0x00000000021ae000 JavaThread "Finalizer" daemon [_thread_blocked, id=7396, stack(0x0000000018040000,0x0000000018140000)]
  0x00000000021aa000 JavaThread "Reference Handler" daemon [_thread_blocked, id=7988, stack(0x0000000017f40000,0x0000000018040000)]
  0x00000000020b3800 JavaThread "main" [_thread_blocked, id=4316, stack(0x0000000001ef0000,0x0000000001ff0000)]

Other Threads:
  0x0000000016db9000 VMThread [stack: 0x0000000017e40000,0x0000000017f40000] [id=6784]
  0x0000000018609800 WatcherThread [stack: 0x0000000018d30000,0x0000000018e30000] [id=2880]

VM state:not at safepoint (normal execution)

VM Mutex/Monitor currently owned by a thread: None

Heap:
 PSYoungGen      total 342016K, used 70311K [0x00000000d5e00000, 0x00000000ed480000, 0x0000000100000000)
  eden space 320000K, 15% used [0x00000000d5e00000,0x00000000d8dff218,0x00000000e9680000)
  from space 22016K, 96% used [0x00000000eac80000,0x00000000ec12abd0,0x00000000ec200000)
  to   space 22528K, 0% used [0x00000000e9680000,0x00000000e9680000,0x00000000eac80000)
 ParOldGen       total 104960K, used 61431K [0x0000000081a00000, 0x0000000088080000, 0x00000000d5e00000)
  object space 104960K, 58% used [0x0000000081a00000,0x00000000855fdda0,0x0000000088080000)
 Metaspace       used 66876K, capacity 68840K, committed 69120K, reserved 1110016K
  class space    used 8493K, capacity 8858K, committed 8960K, reserved 1048576K

Card table byte_map: [0x0000000011670000,0x0000000011a70000] byte_map_base: 0x0000000011263000

Marking Bits: (ParMarkBitMap*) 0x0000000054a3d850
 Begin Bits: [0x0000000012120000, 0x00000000140b8000)
 End Bits:   [0x00000000140b8000, 0x0000000016050000)

Polling page: 0x0000000001e70000

CodeCache: size=245760Kb used=20578Kb max_used=21236Kb free=225182Kb
 bounds [0x00000000022b0000, 0x0000000003790000, 0x00000000112b0000]
 total_blobs=5615 nmethods=5030 adapters=495
 compilation: enabled

Compilation events (10 events):
Event: 35.342 Thread 0x0000000018512800 nmethod 6273 0x000000000311a690 code [0x000000000311a920, 0x000000000311c7e0]
Event: 35.342 Thread 0x0000000018512800 6294 %     4       java.io.DataOutputStream::writeUTF @ 13 (435 bytes)
Event: 35.343 Thread 0x0000000016e4d800 6297       3       com.intellij.rt.coverage.data.ClassData::prepareSignaturesMap (133 bytes)
Event: 35.345 Thread 0x0000000016e4d800 nmethod 6297 0x0000000002736e50 code [0x00000000027370e0, 0x0000000002738218]
Event: 35.346 Thread 0x0000000016e4d800 6299       2       com.intellij.rt.coverage.instrumentation.SaveHook$1::<init> (10 bytes)
Event: 35.346 Thread 0x0000000016e4d800 nmethod 6299 0x00000000028b8ad0 code [0x00000000028b8c20, 0x00000000028b8d90]
Event: 35.385 Thread 0x0000000016e4d800 6301   !   2       java.lang.ref.Reference::tryHandlePending (115 bytes)
Event: 35.386 Thread 0x0000000018512800 nmethod 6294% 0x0000000003311390 code [0x0000000003311500, 0x00000000033121b8]
Event: 35.386 Thread 0x0000000018512800 6288       4       com.intellij.rt.coverage.util.CoverageIOUtil::processWithDictionary (69 bytes)
Event: 35.386 Thread 0x0000000016e4d800 nmethod 6301 0x000000000278ed90 code [0x000000000278ef80, 0x000000000278f5c8]

GC Heap History (10 events):
Event: 26.301 GC heap before
{Heap before GC invocations=17 (full 2):
 PSYoungGen      total 263680K, used 263659K [0x00000000d5e00000, 0x00000000e7e80000, 0x0000000100000000)
  eden space 250880K, 100% used [0x00000000d5e00000,0x00000000e5300000,0x00000000e5300000)
  from space 12800K, 99% used [0x00000000e7200000,0x00000000e7e7ad20,0x00000000e7e80000)
  to   space 15360K, 0% used [0x00000000e6080000,0x00000000e6080000,0x00000000e6f80000)
 ParOldGen       total 104960K, used 34677K [0x0000000081a00000, 0x0000000088080000, 0x00000000d5e00000)
  object space 104960K, 33% used [0x0000000081a00000,0x0000000083bdd7e0,0x0000000088080000)
 Metaspace       used 51414K, capacity 52988K, committed 53120K, reserved 1095680K
  class space    used 6372K, capacity 6698K, committed 6784K, reserved 1048576K
Event: 26.356 GC heap after
Heap after GC invocations=17 (full 2):
 PSYoungGen      total 280064K, used 15343K [0x00000000d5e00000, 0x00000000ec200000, 0x0000000100000000)
  eden space 264704K, 0% used [0x00000000d5e00000,0x00000000d5e00000,0x00000000e6080000)
  from space 15360K, 99% used [0x00000000e6080000,0x00000000e6f7bff0,0x00000000e6f80000)
  to   space 22016K, 0% used [0x00000000eac80000,0x00000000eac80000,0x00000000ec200000)
 ParOldGen       total 104960K, used 46444K [0x0000000081a00000, 0x0000000088080000, 0x00000000d5e00000)
  object space 104960K, 44% used [0x0000000081a00000,0x000000008475b010,0x0000000088080000)
 Metaspace       used 51414K, capacity 52988K, committed 53120K, reserved 1095680K
  class space    used 6372K, capacity 6698K, committed 6784K, reserved 1048576K
}
Event: 30.159 GC heap before
{Heap before GC invocations=18 (full 2):
 PSYoungGen      total 280064K, used 280047K [0x00000000d5e00000, 0x00000000ec200000, 0x0000000100000000)
  eden space 264704K, 100% used [0x00000000d5e00000,0x00000000e6080000,0x00000000e6080000)
  from space 15360K, 99% used [0x00000000e6080000,0x00000000e6f7bff0,0x00000000e6f80000)
  to   space 22016K, 0% used [0x00000000eac80000,0x00000000eac80000,0x00000000ec200000)
 ParOldGen       total 104960K, used 46444K [0x0000000081a00000, 0x0000000088080000, 0x00000000d5e00000)
  object space 104960K, 44% used [0x0000000081a00000,0x000000008475b010,0x0000000088080000)
 Metaspace       used 55690K, capacity 57320K, committed 57472K, reserved 1099776K
  class space    used 6896K, capacity 7204K, committed 7296K, reserved 1048576K
Event: 30.203 GC heap after
Heap after GC invocations=18 (full 2):
 PSYoungGen      total 342016K, used 14502K [0x00000000d5e00000, 0x00000000ed480000, 0x0000000100000000)
  eden space 320000K, 0% used [0x00000000d5e00000,0x00000000d5e00000,0x00000000e9680000)
  from space 22016K, 65% used [0x00000000eac80000,0x00000000ebaa9838,0x00000000ec200000)
  to   space 22528K, 0% used [0x00000000e9680000,0x00000000e9680000,0x00000000eac80000)
 ParOldGen       total 104960K, used 56098K [0x0000000081a00000, 0x0000000088080000, 0x00000000d5e00000)
  object space 104960K, 53% used [0x0000000081a00000,0x00000000850c8bc8,0x0000000088080000)
 Metaspace       used 55690K, capacity 57320K, committed 57472K, reserved 1099776K
  class space    used 6896K, capacity 7204K, committed 7296K, reserved 1048576K
}
Event: 31.479 GC heap before
{Heap before GC invocations=19 (full 2):
 PSYoungGen      total 342016K, used 129658K [0x00000000d5e00000, 0x00000000ed480000, 0x0000000100000000)
  eden space 320000K, 35% used [0x00000000d5e00000,0x00000000dce751d8,0x00000000e9680000)
  from space 22016K, 65% used [0x00000000eac80000,0x00000000ebaa9838,0x00000000ec200000)
  to   space 22528K, 0% used [0x00000000e9680000,0x00000000e9680000,0x00000000eac80000)
 ParOldGen       total 104960K, used 56098K [0x0000000081a00000, 0x0000000088080000, 0x00000000d5e00000)
  object space 104960K, 53% used [0x0000000081a00000,0x00000000850c8bc8,0x0000000088080000)
 Metaspace       used 57181K, capacity 58924K, committed 59096K, reserved 1101824K
  class space    used 7092K, capacity 7458K, committed 7552K, reserved 1048576K
Event: 31.512 GC heap after
Heap after GC invocations=19 (full 2):
 PSYoungGen      total 342528K, used 14846K [0x00000000d5e00000, 0x00000000ed480000, 0x0000000100000000)
  eden space 320000K, 0% used [0x00000000d5e00000,0x00000000d5e00000,0x00000000e9680000)
  from space 22528K, 65% used [0x00000000e9680000,0x00000000ea4ffa80,0x00000000eac80000)
  to   space 22016K, 0% used [0x00000000eac80000,0x00000000eac80000,0x00000000ec200000)
 ParOldGen       total 104960K, used 56106K [0x0000000081a00000, 0x0000000088080000, 0x00000000d5e00000)
  object space 104960K, 53% used [0x0000000081a00000,0x00000000850cabc8,0x0000000088080000)
 Metaspace       used 57181K, capacity 58924K, committed 59096K, reserved 1101824K
  class space    used 7092K, capacity 7458K, committed 7552K, reserved 1048576K
}
Event: 31.512 GC heap before
{Heap before GC invocations=20 (full 3):
 PSYoungGen      total 342528K, used 14846K [0x00000000d5e00000, 0x00000000ed480000, 0x0000000100000000)
  eden space 320000K, 0% used [0x00000000d5e00000,0x00000000d5e00000,0x00000000e9680000)
  from space 22528K, 65% used [0x00000000e9680000,0x00000000ea4ffa80,0x00000000eac80000)
  to   space 22016K, 0% used [0x00000000eac80000,0x00000000eac80000,0x00000000ec200000)
 ParOldGen       total 104960K, used 56106K [0x0000000081a00000, 0x0000000088080000, 0x00000000d5e00000)
  object space 104960K, 53% used [0x0000000081a00000,0x00000000850cabc8,0x0000000088080000)
 Metaspace       used 57181K, capacity 58924K, committed 59096K, reserved 1101824K
  class space    used 7092K, capacity 7458K, committed 7552K, reserved 1048576K
Event: 31.920 GC heap after
Heap after GC invocations=20 (full 3):
 PSYoungGen      total 342528K, used 0K [0x00000000d5e00000, 0x00000000ed480000, 0x0000000100000000)
  eden space 320000K, 0% used [0x00000000d5e00000,0x00000000d5e00000,0x00000000e9680000)
  from space 22528K, 0% used [0x00000000e9680000,0x00000000e9680000,0x00000000eac80000)
  to   space 22016K, 0% used [0x00000000eac80000,0x00000000eac80000,0x00000000ec200000)
 ParOldGen       total 104960K, used 61423K [0x0000000081a00000, 0x0000000088080000, 0x00000000d5e00000)
  object space 104960K, 58% used [0x0000000081a00000,0x00000000855fbda0,0x0000000088080000)
 Metaspace       used 57181K, capacity 58924K, committed 59096K, reserved 1101824K
  class space    used 7092K, capacity 7458K, committed 7552K, reserved 1048576K
}
Event: 35.358 GC heap before
{Heap before GC invocations=21 (full 3):
 PSYoungGen      total 342528K, used 320000K [0x00000000d5e00000, 0x00000000ed480000, 0x0000000100000000)
  eden space 320000K, 100% used [0x00000000d5e00000,0x00000000e9680000,0x00000000e9680000)
  from space 22528K, 0% used [0x00000000e9680000,0x00000000e9680000,0x00000000eac80000)
  to   space 22016K, 0% used [0x00000000eac80000,0x00000000eac80000,0x00000000ec200000)
 ParOldGen       total 104960K, used 61423K [0x0000000081a00000, 0x0000000088080000, 0x00000000d5e00000)
  object space 104960K, 58% used [0x0000000081a00000,0x00000000855fbda0,0x0000000088080000)
 Metaspace       used 66872K, capacity 68840K, committed 69120K, reserved 1110016K
  class space    used 8493K, capacity 8858K, committed 8960K, reserved 1048576K
Event: 35.385 GC heap after
Heap after GC invocations=21 (full 3):
 PSYoungGen      total 342016K, used 21162K [0x00000000d5e00000, 0x00000000ed480000, 0x0000000100000000)
  eden space 320000K, 0% used [0x00000000d5e00000,0x00000000d5e00000,0x00000000e9680000)
  from space 22016K, 96% used [0x00000000eac80000,0x00000000ec12abd0,0x00000000ec200000)
  to   space 22528K, 0% used [0x00000000e9680000,0x00000000e9680000,0x00000000eac80000)
 ParOldGen       total 104960K, used 61431K [0x0000000081a00000, 0x0000000088080000, 0x00000000d5e00000)
  object space 104960K, 58% used [0x0000000081a00000,0x00000000855fdda0,0x0000000088080000)
 Metaspace       used 66872K, capacity 68840K, committed 69120K, reserved 1110016K
  class space    used 8493K, capacity 8858K, committed 8960K, reserved 1048576K
}

Deoptimization events (10 events):
Event: 35.023 Thread 0x000000001b483000 Uncommon trap: reason=class_check action=maybe_recompile pc=0x0000000002cf8ca4 method=java.util.regex.Matcher.search(I)Z @ 86
Event: 35.023 Thread 0x000000001b483000 Uncommon trap: reason=class_check action=maybe_recompile pc=0x0000000002cf8ca4 method=java.util.regex.Matcher.search(I)Z @ 86
Event: 35.023 Thread 0x000000001b483000 Uncommon trap: reason=class_check action=maybe_recompile pc=0x0000000002cf8ca4 method=java.util.regex.Matcher.search(I)Z @ 86
Event: 35.023 Thread 0x000000001b483000 Uncommon trap: reason=class_check action=maybe_recompile pc=0x0000000002cf8ca4 method=java.util.regex.Matcher.search(I)Z @ 86
Event: 35.030 Thread 0x000000001b483000 Uncommon trap: reason=bimorphic action=maybe_recompile pc=0x0000000002851a68 method=java.io.DataOutputStream.write([BII)V @ 7
Event: 35.030 Thread 0x000000001b483000 Uncommon trap: reason=bimorphic action=maybe_recompile pc=0x0000000002851a68 method=java.io.DataOutputStream.write([BII)V @ 7
Event: 35.030 Thread 0x000000001b483000 Uncommon trap: reason=bimorphic action=maybe_recompile pc=0x0000000002851a68 method=java.io.DataOutputStream.write([BII)V @ 7
Event: 35.030 Thread 0x000000001b483000 Uncommon trap: reason=bimorphic action=maybe_recompile pc=0x0000000002851a68 method=java.io.DataOutputStream.write([BII)V @ 7
Event: 35.073 Thread 0x000000001b482800 Uncommon trap: reason=unstable_if action=reinterpret pc=0x00000000033adf44 method=sun.misc.Resource.getBytes()[B @ 197
Event: 35.385 Thread 0x00000000021aa000 Uncommon trap: reason=unstable_if action=reinterpret pc=0x0000000002e31134 method=java.lang.ref.Reference.tryHandlePending(Z)Z @ 20

Internal exceptions (10 events):
Event: 33.661 Thread 0x000000001b482800 Exception <a 'java/io/FileNotFoundException'> (0x00000000de0f0908) thrown at [C:\re\workspace\8-2-build-windows-amd64-cygwin\jdk8u144\9417\hotspot\src\share\vm\prims\jni.cpp, line 709]
Event: 34.120 Thread 0x000000001b482800 Exception <a 'java/net/UnknownHostException': komputer-AJD.home> (0x00000000e0086bf8) thrown at [C:\re\workspace\8-2-build-windows-amd64-cygwin\jdk8u144\9417\hotspot\src\share\vm\prims\jni.cpp, line 735]
Event: 35.304 Thread 0x000000001b482800 Exception <a 'java/lang/UnsatisfiedLinkError'> (0x00000000e7684d08) thrown at [C:\re\workspace\8-2-build-windows-amd64-cygwin\jdk8u144\9417\hotspot\src\share\vm\prims\jvm.cpp, line 3982]
Event: 35.304 Thread 0x000000001b482800 Exception <a 'java/lang/UnsatisfiedLinkError'> (0x00000000e7684d08) thrown at [C:\re\workspace\8-2-build-windows-amd64-cygwin\jdk8u144\9417\hotspot\src\share\vm\prims\jni.cpp, line 709]
Event: 35.304 Thread 0x000000001b482800 Exception <a 'java/lang/UnsatisfiedLinkError'> (0x00000000e7684d08) thrown at [C:\re\workspace\8-2-build-windows-amd64-cygwin\jdk8u144\9417\hotspot\src\share\vm\prims\jvm.cpp, line 1394]
Event: 35.304 Thread 0x000000001b482800 Exception <a 'java/lang/UnsatisfiedLinkError'> (0x00000000e7684d08) thrown at [C:\re\workspace\8-2-build-windows-amd64-cygwin\jdk8u144\9417\hotspot\src\share\vm\oops\instanceKlass.cpp, line 964]
Event: 35.304 Thread 0x000000001b482800 Exception <a 'java/lang/UnsatisfiedLinkError'> (0x00000000e7684d08) thrown at [C:\re\workspace\8-2-build-windows-amd64-cygwin\jdk8u144\9417\hotspot\src\share\vm\prims\jvm.cpp, line 1394]
Event: 35.304 Thread 0x000000001b482800 Exception <a 'java/lang/UnsatisfiedLinkError'> (0x00000000e7684d08) thrown at [C:\re\workspace\8-2-build-windows-amd64-cygwin\jdk8u144\9417\hotspot\src\share\vm\oops\instanceKlass.cpp, line 964]
Event: 35.304 Thread 0x000000001b482800 Exception <a 'java/lang/UnsatisfiedLinkError'> (0x00000000e7684d08) thrown at [C:\re\workspace\8-2-build-windows-amd64-cygwin\jdk8u144\9417\hotspot\src\share\vm\oops\instanceKlass.cpp, line 964]
Event: 35.304 Thread 0x000000001b482800 Exception <a 'java/lang/reflect/InvocationTargetException'> (0x00000000e7685110) thrown at [C:\re\workspace\8-2-build-windows-amd64-cygwin\jdk8u144\9417\hotspot\src\share\vm\runtime\reflection.cpp, line 1092]

Events (10 events):
Event: 35.385 Thread 0x00000000021aa000 DEOPT PACKING pc=0x0000000002e31134 sp=0x000000001803f550
Event: 35.385 Thread 0x00000000021aa000 DEOPT UNPACKING pc=0x00000000022f582a sp=0x000000001803f508 mode 2
Event: 35.389 Executing VM operation: RevokeBias
Event: 35.389 Executing VM operation: RevokeBias done
Event: 35.389 Executing VM operation: RevokeBias
Event: 35.389 Executing VM operation: RevokeBias done
Event: 35.389 Executing VM operation: RevokeBias
Event: 35.390 Executing VM operation: RevokeBias done
Event: 35.390 loading class sun/security/ssl/SecureKey
Event: 35.391 loading class sun/security/ssl/SecureKey done


Dynamic libraries:
0x00007ff67db90000 - 0x00007ff67dbc7000 	C:\Program Files\Java\jdk1.8.0_144\bin\java.exe
0x00007ffda5a90000 - 0x00007ffda5c3d000 	C:\Windows\SYSTEM32\ntdll.dll
0x00007ffda33e0000 - 0x00007ffda351e000 	C:\Windows\system32\KERNEL32.DLL
0x00007ffda3000000 - 0x00007ffda3115000 	C:\Windows\system32\KERNELBASE.dll
0x00007ffda1780000 - 0x00007ffda180e000 	C:\Windows\system32\apphelp.dll
0x00007ffd98ea0000 - 0x00007ffd98ef3000 	C:\Windows\AppPatch\AppPatch64\AcGenral.DLL
0x00007ffda5860000 - 0x00007ffda590a000 	C:\Windows\system32\msvcrt.dll
0x00007ffda2ec0000 - 0x00007ffda2eee000 	C:\Windows\system32\SspiCli.dll
0x00007ffda3d10000 - 0x00007ffda3d64000 	C:\Windows\system32\SHLWAPI.dll
0x00007ffda3980000 - 0x00007ffda3af7000 	C:\Windows\system32\USER32.dll
0x00007ffda5590000 - 0x00007ffda5724000 	C:\Windows\system32\ole32.dll
0x00007ffda4030000 - 0x00007ffda555c000 	C:\Windows\system32\SHELL32.dll
0x00007ffda2180000 - 0x00007ffda21a1000 	C:\Windows\SYSTEM32\USERENV.dll
0x00007ffda5910000 - 0x00007ffda59ba000 	C:\Windows\system32\ADVAPI32.dll
0x00007ffd9dae0000 - 0x00007ffd9dafe000 	C:\Windows\SYSTEM32\MPR.dll
0x00007ffda3dd0000 - 0x00007ffda3f10000 	C:\Windows\system32\RPCRT4.dll
0x00007ffda3d70000 - 0x00007ffda3dc9000 	C:\Windows\SYSTEM32\sechost.dll
0x00007ffda3760000 - 0x00007ffda3972000 	C:\Windows\SYSTEM32\combase.dll
0x00007ffda3290000 - 0x00007ffda33db000 	C:\Windows\system32\GDI32.dll
0x00007ffda2bc0000 - 0x00007ffda2bd5000 	C:\Windows\SYSTEM32\profapi.dll
0x00007ffda0ed0000 - 0x00007ffda0f82000 	C:\Windows\SYSTEM32\SHCORE.dll
0x00007ffda3f10000 - 0x00007ffda3f46000 	C:\Windows\system32\IMM32.DLL
0x00007ffda3130000 - 0x00007ffda3281000 	C:\Windows\system32\MSCTF.dll
0x00007ffd9fc00000 - 0x00007ffd9fe7b000 	C:\Windows\WinSxS\amd64_microsoft.windows.common-controls_6595b64144ccf1df_6.0.9600.18006_none_623f33d3ecbe86e8\COMCTL32.dll
0x0000000054ac0000 - 0x0000000054b92000 	C:\Program Files\Java\jdk1.8.0_144\jre\bin\msvcr100.dll
0x0000000054220000 - 0x0000000054abd000 	C:\Program Files\Java\jdk1.8.0_144\jre\bin\server\jvm.dll
0x00007ffd8fd10000 - 0x00007ffd8fd19000 	C:\Windows\SYSTEM32\WSOCK32.dll
0x00007ffd8faa0000 - 0x00007ffd8fac2000 	C:\Windows\SYSTEM32\WINMM.dll
0x00007ffd9e870000 - 0x00007ffd9e87a000 	C:\Windows\SYSTEM32\VERSION.dll
0x00007ffda3120000 - 0x00007ffda3127000 	C:\Windows\system32\PSAPI.DLL
0x00007ffda3520000 - 0x00007ffda357a000 	C:\Windows\system32\WS2_32.dll
0x00007ffd8fa70000 - 0x00007ffd8fa9a000 	C:\Windows\SYSTEM32\WINMMBASE.dll
0x00007ffda5560000 - 0x00007ffda5569000 	C:\Windows\system32\NSI.dll
0x00007ffda2c90000 - 0x00007ffda2cdf000 	C:\Windows\SYSTEM32\cfgmgr32.dll
0x00007ffda19e0000 - 0x00007ffda1a08000 	C:\Windows\SYSTEM32\DEVOBJ.dll
0x0000000054210000 - 0x000000005421f000 	C:\Program Files\Java\jdk1.8.0_144\jre\bin\verify.dll
0x00000000541e0000 - 0x0000000054209000 	C:\Program Files\Java\jdk1.8.0_144\jre\bin\java.dll
0x0000000053d50000 - 0x0000000053d73000 	C:\Program Files\Java\jdk1.8.0_144\jre\bin\instrument.dll
0x0000000054190000 - 0x00000000541a6000 	C:\Program Files\Java\jdk1.8.0_144\jre\bin\zip.dll
0x00007ffd99a90000 - 0x00007ffd99aaa000 	C:\Program Files\JetBrains\IntelliJ IDEA 2017.2.5\bin\breakgen64.dll
0x0000000054130000 - 0x000000005414a000 	C:\Program Files\Java\jdk1.8.0_144\jre\bin\net.dll
0x00007ffda23f0000 - 0x00007ffda2449000 	C:\Windows\system32\mswsock.dll
0x0000000054110000 - 0x0000000054121000 	C:\Program Files\Java\jdk1.8.0_144\jre\bin\nio.dll
0x0000000054170000 - 0x000000005417d000 	C:\Program Files\Java\jdk1.8.0_144\jre\bin\management.dll
0x00007ffd90520000 - 0x00007ffd90535000 	C:\Windows\system32\napinsp.dll
0x00007ffd90020000 - 0x00007ffd9003a000 	C:\Windows\system32\pnrpnsp.dll
0x00007ffd9cb00000 - 0x00007ffd9cb1b000 	C:\Windows\system32\NLAapi.dll
0x00007ffda21f0000 - 0x00007ffda2294000 	C:\Windows\SYSTEM32\DNSAPI.dll
0x00007ffd910d0000 - 0x00007ffd910dd000 	C:\Windows\System32\winrnr.dll
0x00007ffd90000000 - 0x00007ffd90014000 	C:\Windows\system32\wshbth.dll
0x00007ffd8f630000 - 0x00007ffd8f63a000 	C:\Windows\System32\rasadhlp.dll
0x00007ffd9d680000 - 0x00007ffd9d6aa000 	C:\Windows\SYSTEM32\IPHLPAPI.DLL
0x00007ffd9d670000 - 0x00007ffd9d67a000 	C:\Windows\SYSTEM32\WINNSI.DLL
0x00007ffd9b910000 - 0x00007ffd9b97b000 	C:\Windows\System32\fwpuclnt.dll
0x00007ffda2450000 - 0x00007ffda2470000 	C:\Windows\SYSTEM32\CRYPTSP.dll
0x00007ffda2070000 - 0x00007ffda20a6000 	C:\Windows\system32\rsaenh.dll
0x00007ffda26a0000 - 0x00007ffda26c6000 	C:\Windows\SYSTEM32\bcrypt.dll
0x00007ffda29c0000 - 0x00007ffda2a23000 	C:\Windows\system32\bcryptprimitives.dll
0x00007ffda2a30000 - 0x00007ffda2a3b000 	C:\Windows\SYSTEM32\CRYPTBASE.dll
0x00007ffd99710000 - 0x00007ffd99726000 	C:\Windows\SYSTEM32\dhcpcsvc6.DLL
0x00007ffd9ba20000 - 0x00007ffd9ba3a000 	C:\Windows\SYSTEM32\dhcpcsvc.DLL
0x0000000053d20000 - 0x0000000053d44000 	C:\Program Files\Java\jdk1.8.0_144\jre\bin\sunec.dll

VM Arguments:
jvm_args: -ea -javaagent:C:\Program Files\JetBrains\IntelliJ IDEA 2017.2.5\lib\coverage-agent.jar=C:\Users\Dariusaz\AppData\Local\Temp\coverageargs -Didea.test.cyclic.buffer.size=1048576 -javaagent:C:\Program Files\JetBrains\IntelliJ IDEA 2017.2.5\lib\idea_rt.jar=52918:C:\Program Files\JetBrains\IntelliJ IDEA 2017.2.5\bin -Dfile.encoding=UTF-8 
java_command: com.intellij.rt.execution.junit.JUnitStarter -ideVersion5 @w@C:\Users\Dariusaz\AppData\Local\Temp\idea_working_dirs_junit.tmp @C:\Users\Dariusaz\AppData\Local\Temp\idea_junit.tmp -socket52917
java_class_path (initial): C:\Program Files\JetBrains\IntelliJ IDEA 2017.2.5\lib\idea_rt.jar;C:\Program Files\JetBrains\IntelliJ IDEA 2017.2.5\plugins\junit\lib\junit-rt.jar;C:\Program Files\JetBrains\IntelliJ IDEA 2017.2.5\plugins\junit\lib\junit5-rt.jar;C:\Program Files\Java\jdk1.8.0_144\jre\lib\charsets.jar;C:\Program Files\Java\jdk1.8.0_144\jre\lib\deploy.jar;C:\Program Files\Java\jdk1.8.0_144\jre\lib\ext\access-bridge-64.jar;C:\Program Files\Java\jdk1.8.0_144\jre\lib\ext\cldrdata.jar;C:\Program Files\Java\jdk1.8.0_144\jre\lib\ext\dnsns.jar;C:\Program Files\Java\jdk1.8.0_144\jre\lib\ext\jaccess.jar;C:\Program Files\Java\jdk1.8.0_144\jre\lib\ext\jfxrt.jar;C:\Program Files\Java\jdk1.8.0_144\jre\lib\ext\localedata.jar;C:\Program Files\Java\jdk1.8.0_144\jre\lib\ext\nashorn.jar;C:\Program Files\Java\jdk1.8.0_144\jre\lib\ext\sunec.jar;C:\Program Files\Java\jdk1.8.0_144\jre\lib\ext\sunjce_provider.jar;C:\Program Files\Java\jdk1.8.0_144\jre\lib\ext\sunmscapi.jar;C:\Program Files\Java\jdk1.8.0_144\jre\lib\ext\sunpkcs11.jar;C:\Program Files\Java\jdk1.8.0_144\jre\lib\ext\zipfs.jar;C:\Program Files\Java\jdk1.8.0_144\jre\lib\javaws.jar;C:\Program Files\Java\jdk1.8.0_144\jre\lib\jce.jar;C:\Program Files\Java\jdk1.8.0_144\jre\lib\jfr.jar;C:\Program Files\Java\jdk1.8.0_144\jre\lib\jfxswt.jar;C:\Program Files\Java\jdk1.8.0_144\jre\lib\jsse.jar;C:\Program Files\Java\jdk1.8.0_144\jre\lib\management-agent.jar;C:\Program Files\Java\jdk1.8.0_144\jre\lib\plugin.jar;C:\Program Files\Java\jdk1.8.0_144\jre\lib\resources.jar;C:\Program Files\Java\jdk1.8.0_144\jre\lib\rt.jar;C:\Users\Dariusaz\Documents\Java_Projects\tasks\out\test\classes;C:\Users\Dariusaz\Documents\Java_Projects\tasks\out\production\classes;C:\Users\Dariusaz\Documents\Java_Projects\tasks\out\production\resources;C:\Users\Dariusaz\.gradle\caches\modules-2\files-2.1\org.springframework.boot\spring-boot-starter-data-jpa\2.0.0.BUILD-SNAPSHOT\a06bcc2db32c69e268744082d0945f14475df604\spring-boot-starter-data-jpa-2.0.0.BUILD-S
Launcher Type: SUN_STANDARD

Environment Variables:
JAVA_HOME=c:\Program Files\Java\jre1.8.0_144
PATH=c:\Program Files\Java\jre1.8.0_144\bin;C:\gradle-4.2.1\bin;C:\Program Files\MySQL\MySQL Utilities 1.6\;C:\Program Files (x86)\Skype\Phone\;C:\Program Files\nodejs\;C:\Program Files\Git\cmd;C:\Program Files\Git\mingw64\bin;C:\Program Files\Git\usr\bin;C:\Program Files\Intel\WiFi\bin\;C:\Program Files\Common Files\Intel\WirelessCommon\;C:\gradle-4.2.1\bin;C:\Users\Dariusaz\AppData\Roaming\npm;C:\Program Files\Heroku\bin
USERNAME=Dariusaz
OS=Windows_NT
PROCESSOR_IDENTIFIER=Intel64 Family 6 Model 69 Stepping 1, GenuineIntel



---------------  S Y S T E M  ---------------

OS: Windows 8.1 , 64 bit Build 9600 (6.3.9600.17415)

CPU:total 4 (initial active 4) (2 cores per cpu, 2 threads per core) family 6 model 69 stepping 1, cmov, cx8, fxsr, mmx, sse, sse2, sse3, ssse3, sse4.1, sse4.2, popcnt, avx, avx2, aes, clmul, erms, lzcnt, ht, tsc, tscinvbit, bmi1, bmi2

Memory: 4k page, physical 8278296k(1327504k free), swap 33444120k(6300k free)

vm_info: Java HotSpot(TM) 64-Bit Server VM (25.144-b01) for windows-amd64 JRE (1.8.0_144-b01), built on Jul 21 2017 21:57:33 by "java_re" with MS VC++ 10.0 (VS2010)

time: Thu Feb 01 13:02:11 2018
elapsed time: 35 seconds (0d 0h 0m 35s)

