#
# There is insufficient memory for the Java Runtime Environment to continue.
# Native memory allocation (malloc) failed to allocate 411056 bytes for Chunk::new
# Possible reasons:
#   The system is out of physical RAM or swap space
#   In 32 bit mode, the process size limit was hit
# Possible solutions:
#   Reduce memory load on the system
#   Increase physical memory or swap space
#   Check if swap backing store is full
#   Use 64 bit Java on a 64 bit OS
#   Decrease Java heap size (-Xmx/-Xms)
#   Decrease number of Java threads
#   Decrease Java thread stack sizes (-Xss)
#   Set larger code cache with -XX:ReservedCodeCacheSize=
# This output file may be truncated or incomplete.
#
#  Out of Memory Error (allocation.cpp:390), pid=7736, tid=0x0000000000000a94
#
# JRE version: Java(TM) SE Runtime Environment (8.0_144-b01) (build 1.8.0_144-b01)
# Java VM: Java HotSpot(TM) 64-Bit Server VM (25.144-b01 mixed mode windows-amd64 compressed oops)
# Failed to write core dump. Minidumps are not enabled by default on client versions of Windows
#

---------------  T H R E A D  ---------------

Current thread (0x0000000017b6e800):  JavaThread "C2 CompilerThread0" daemon [_thread_in_native, id=2708, stack(0x0000000019660000,0x0000000019760000)]

Stack: [0x0000000019660000,0x0000000019760000]
[error occurred during error reporting (printing stack bounds), id 0xc0000005]

Native frames: (J=compiled Java code, j=interpreted, Vv=VM code, C=native code)


Current CompileTask:
C2:  32325 5445   !   4       org.springframework.util.ReflectionUtils::getDeclaredMethods (346 bytes)


---------------  P R O C E S S  ---------------

Java Threads: ( => current thread )
  0x000000001b29e800 JavaThread "testdb housekeeper" daemon [_thread_blocked, id=3904, stack(0x000000001f270000,0x000000001f370000)]
  0x000000001b2a1800 JavaThread "Abandoned connection cleanup thread" daemon [_thread_blocked, id=2780, stack(0x000000001c600000,0x000000001c700000)]
  0x0000000019253800 JavaThread "Service Thread" daemon [_thread_blocked, id=4680, stack(0x0000000019960000,0x0000000019a60000)]
  0x0000000019240800 JavaThread "C1 CompilerThread2" daemon [_thread_blocked, id=7560, stack(0x0000000019860000,0x0000000019960000)]
  0x00000000191ef800 JavaThread "C2 CompilerThread1" daemon [_thread_in_native, id=6380, stack(0x0000000019760000,0x0000000019860000)]
=>0x0000000017b6e800 JavaThread "C2 CompilerThread0" daemon [_thread_in_native, id=2708, stack(0x0000000019660000,0x0000000019760000)]
  0x00000000191ba000 JavaThread "Monitor Ctrl-Break" daemon [_thread_in_native, id=4180, stack(0x0000000019560000,0x0000000019660000)]
  0x0000000017b22800 JavaThread "Attach Listener" daemon [_thread_blocked, id=7292, stack(0x0000000019060000,0x0000000019160000)]
  0x0000000017b21800 JavaThread "Signal Dispatcher" daemon [_thread_blocked, id=3164, stack(0x0000000018f60000,0x0000000019060000)]
  0x0000000017b01800 JavaThread "Finalizer" daemon [_thread_blocked, id=6684, stack(0x0000000018d70000,0x0000000018e70000)]
  0x0000000002e1b000 JavaThread "Reference Handler" daemon [_thread_blocked, id=8068, stack(0x0000000018c70000,0x0000000018d70000)]
  0x0000000002d23800 JavaThread "main" [_thread_in_Java, id=3132, stack(0x0000000002c20000,0x0000000002d20000)]

Other Threads:
  0x0000000017ad9000 VMThread [stack: 0x0000000018b70000,0x0000000018c70000] [id=7588]
  0x00000000192f8800 WatcherThread [stack: 0x0000000019a60000,0x0000000019b60000] [id=4116]

VM state:not at safepoint (normal execution)

VM Mutex/Monitor currently owned by a thread: None

Heap:
 PSYoungGen      total 462336K, used 29039K [0x00000000d5e00000, 0x00000000fc480000, 0x0000000100000000)
  eden space 435200K, 6% used [0x00000000d5e00000,0x00000000d7a5be30,0x00000000f0700000)
  from space 27136K, 0% used [0x00000000f0700000,0x00000000f0700000,0x00000000f2180000)
  to   space 26624K, 0% used [0x00000000faa80000,0x00000000faa80000,0x00000000fc480000)
 ParOldGen       total 157184K, used 62638K [0x0000000081a00000, 0x000000008b380000, 0x00000000d5e00000)
  object space 157184K, 39% used [0x0000000081a00000,0x000000008572b908,0x000000008b380000)
 Metaspace       used 57860K, capacity 59692K, committed 59992K, reserved 1101824K
  class space    used 7209K, capacity 7558K, committed 7680K, reserved 1048576K

Card table byte_map: [0x0000000012390000,0x0000000012790000] byte_map_base: 0x0000000011f83000

Marking Bits: (ParMarkBitMap*) 0x0000000054a3d850
 Begin Bits: [0x0000000012e40000, 0x0000000014dd8000)
 End Bits:   [0x0000000014dd8000, 0x0000000016d70000)

Polling page: 0x00000000010e0000

CodeCache: size=245760Kb used=20750Kb max_used=20761Kb free=225009Kb
 bounds [0x0000000002fd0000, 0x0000000004430000, 0x0000000011fd0000]
 total_blobs=5257 nmethods=4707 adapters=462
 compilation: enabled

Compilation events (10 events):
Event: 32.292 Thread 0x0000000019240800 nmethod 5640 0x0000000004421010 code [0x00000000044211c0, 0x0000000004421818]
Event: 32.292 Thread 0x0000000019240800 5641       3       com.google.common.collect.Iterables$4::iterator (30 bytes)
Event: 32.292 Thread 0x0000000019240800 nmethod 5641 0x0000000004421a50 code [0x0000000004421be0, 0x0000000004421e98]
Event: 32.296 Thread 0x00000000191ef800 nmethod 5599 0x0000000004425810 code [0x00000000044259e0, 0x00000000044265d8]
Event: 32.296 Thread 0x00000000191ef800 5637       4       com.google.common.base.Preconditions::checkNotNull (41 bytes)
Event: 32.298 Thread 0x00000000191ef800 nmethod 5637 0x0000000004422610 code [0x0000000004422760, 0x0000000004422888]
Event: 32.298 Thread 0x00000000191ef800 5638       4       java.util.regex.Pattern$1::isSatisfiedBy (13 bytes)
Event: 32.299 Thread 0x00000000191ef800 nmethod 5638 0x00000000032b53d0 code [0x00000000032b5500, 0x00000000032b5578]
Event: 32.302 Thread 0x00000000191ef800 5642       4       org.jetbrains.org.objectweb.asm.ClassWriter::newUTF8 (70 bytes)
Event: 32.319 Thread 0x0000000019240800 5643       3       com.google.common.base.Preconditions::checkArgument (40 bytes)

GC Heap History (10 events):
Event: 19.464 GC heap before
{Heap before GC invocations=12 (full 2):
 PSYoungGen      total 350208K, used 15822K [0x00000000d5e00000, 0x00000000ef180000, 0x0000000100000000)
  eden space 330752K, 0% used [0x00000000d5e00000,0x00000000d5e00000,0x00000000ea100000)
  from space 19456K, 81% used [0x00000000eb580000,0x00000000ec4f3b40,0x00000000ec880000)
  to   space 20992K, 0% used [0x00000000ea100000,0x00000000ea100000,0x00000000eb580000)
 ParOldGen       total 62976K, used 27354K [0x0000000081a00000, 0x0000000085780000, 0x00000000d5e00000)
  object space 62976K, 43% used [0x0000000081a00000,0x00000000834b6ba0,0x0000000085780000)
 Metaspace       used 34382K, capacity 35394K, committed 35456K, reserved 1081344K
  class space    used 4186K, capacity 4427K, committed 4480K, reserved 1048576K
Event: 19.591 GC heap after
Heap after GC invocations=12 (full 2):
 PSYoungGen      total 350208K, used 0K [0x00000000d5e00000, 0x00000000ef180000, 0x0000000100000000)
  eden space 330752K, 0% used [0x00000000d5e00000,0x00000000d5e00000,0x00000000ea100000)
  from space 19456K, 0% used [0x00000000eb580000,0x00000000eb580000,0x00000000ec880000)
  to   space 20992K, 0% used [0x00000000ea100000,0x00000000ea100000,0x00000000eb580000)
 ParOldGen       total 98304K, used 32030K [0x0000000081a00000, 0x0000000087a00000, 0x00000000d5e00000)
  object space 98304K, 32% used [0x0000000081a00000,0x00000000839479f8,0x0000000087a00000)
 Metaspace       used 34382K, capacity 35394K, committed 35456K, reserved 1081344K
  class space    used 4186K, capacity 4427K, committed 4480K, reserved 1048576K
}
Event: 23.738 GC heap before
{Heap before GC invocations=13 (full 2):
 PSYoungGen      total 350208K, used 330752K [0x00000000d5e00000, 0x00000000ef180000, 0x0000000100000000)
  eden space 330752K, 100% used [0x00000000d5e00000,0x00000000ea100000,0x00000000ea100000)
  from space 19456K, 0% used [0x00000000eb580000,0x00000000eb580000,0x00000000ec880000)
  to   space 20992K, 0% used [0x00000000ea100000,0x00000000ea100000,0x00000000eb580000)
 ParOldGen       total 98304K, used 32030K [0x0000000081a00000, 0x0000000087a00000, 0x00000000d5e00000)
  object space 98304K, 32% used [0x0000000081a00000,0x00000000839479f8,0x0000000087a00000)
 Metaspace       used 47707K, capacity 48810K, committed 49152K, reserved 1091584K
  class space    used 5884K, capacity 6133K, committed 6144K, reserved 1048576K
Event: 23.787 GC heap after
Heap after GC invocations=13 (full 2):
 PSYoungGen      total 351744K, used 20980K [0x00000000d5e00000, 0x00000000f3d80000, 0x0000000100000000)
  eden space 330752K, 0% used [0x00000000d5e00000,0x00000000d5e00000,0x00000000ea100000)
  from space 20992K, 99% used [0x00000000ea100000,0x00000000eb57d270,0x00000000eb580000)
  to   space 25600K, 0% used [0x00000000f2480000,0x00000000f2480000,0x00000000f3d80000)
 ParOldGen       total 98304K, used 36993K [0x0000000081a00000, 0x0000000087a00000, 0x00000000d5e00000)
  object space 98304K, 37% used [0x0000000081a00000,0x0000000083e207f0,0x0000000087a00000)
 Metaspace       used 47707K, capacity 48810K, committed 49152K, reserved 1091584K
  class space    used 5884K, capacity 6133K, committed 6144K, reserved 1048576K
}
Event: 29.333 GC heap before
{Heap before GC invocations=14 (full 2):
 PSYoungGen      total 351744K, used 351732K [0x00000000d5e00000, 0x00000000f3d80000, 0x0000000100000000)
  eden space 330752K, 100% used [0x00000000d5e00000,0x00000000ea100000,0x00000000ea100000)
  from space 20992K, 99% used [0x00000000ea100000,0x00000000eb57d270,0x00000000eb580000)
  to   space 25600K, 0% used [0x00000000f2480000,0x00000000f2480000,0x00000000f3d80000)
 ParOldGen       total 98304K, used 36993K [0x0000000081a00000, 0x0000000087a00000, 0x00000000d5e00000)
  object space 98304K, 37% used [0x0000000081a00000,0x0000000083e207f0,0x0000000087a00000)
 Metaspace       used 54663K, capacity 56348K, committed 56576K, reserved 1099776K
  class space    used 6757K, capacity 7072K, committed 7168K, reserved 1048576K
Event: 29.388 GC heap after
Heap after GC invocations=14 (full 2):
 PSYoungGen      total 459264K, used 19062K [0x00000000d5e00000, 0x00000000f3c00000, 0x0000000100000000)
  eden space 435200K, 0% used [0x00000000d5e00000,0x00000000d5e00000,0x00000000f0700000)
  from space 24064K, 79% used [0x00000000f2480000,0x00000000f371dac8,0x00000000f3c00000)
  to   space 27136K, 0% used [0x00000000f0700000,0x00000000f0700000,0x00000000f2180000)
 ParOldGen       total 98304K, used 50770K [0x0000000081a00000, 0x0000000087a00000, 0x00000000d5e00000)
  object space 98304K, 51% used [0x0000000081a00000,0x0000000084b94868,0x0000000087a00000)
 Metaspace       used 54663K, capacity 56348K, committed 56576K, reserved 1099776K
  class space    used 6757K, capacity 7072K, committed 7168K, reserved 1048576K
}
Event: 31.434 GC heap before
{Heap before GC invocations=15 (full 2):
 PSYoungGen      total 459264K, used 185636K [0x00000000d5e00000, 0x00000000f3c00000, 0x0000000100000000)
  eden space 435200K, 38% used [0x00000000d5e00000,0x00000000e00ab6c8,0x00000000f0700000)
  from space 24064K, 79% used [0x00000000f2480000,0x00000000f371dac8,0x00000000f3c00000)
  to   space 27136K, 0% used [0x00000000f0700000,0x00000000f0700000,0x00000000f2180000)
 ParOldGen       total 98304K, used 50770K [0x0000000081a00000, 0x0000000087a00000, 0x00000000d5e00000)
  object space 98304K, 51% used [0x0000000081a00000,0x0000000084b94868,0x0000000087a00000)
 Metaspace       used 57199K, capacity 58900K, committed 59096K, reserved 1101824K
  class space    used 7087K, capacity 7426K, committed 7552K, reserved 1048576K
Event: 31.471 GC heap after
Heap after GC invocations=15 (full 2):
 PSYoungGen      total 462336K, used 7668K [0x00000000d5e00000, 0x00000000fc480000, 0x0000000100000000)
  eden space 435200K, 0% used [0x00000000d5e00000,0x00000000d5e00000,0x00000000f0700000)
  from space 27136K, 28% used [0x00000000f0700000,0x00000000f0e7d038,0x00000000f2180000)
  to   space 26624K, 0% used [0x00000000faa80000,0x00000000faa80000,0x00000000fc480000)
 ParOldGen       total 98304K, used 63837K [0x0000000081a00000, 0x0000000087a00000, 0x00000000d5e00000)
  object space 98304K, 64% used [0x0000000081a00000,0x00000000858576b8,0x0000000087a00000)
 Metaspace       used 57199K, capacity 58900K, committed 59096K, reserved 1101824K
  class space    used 7087K, capacity 7426K, committed 7552K, reserved 1048576K
}
Event: 31.471 GC heap before
{Heap before GC invocations=16 (full 3):
 PSYoungGen      total 462336K, used 7668K [0x00000000d5e00000, 0x00000000fc480000, 0x0000000100000000)
  eden space 435200K, 0% used [0x00000000d5e00000,0x00000000d5e00000,0x00000000f0700000)
  from space 27136K, 28% used [0x00000000f0700000,0x00000000f0e7d038,0x00000000f2180000)
  to   space 26624K, 0% used [0x00000000faa80000,0x00000000faa80000,0x00000000fc480000)
 ParOldGen       total 98304K, used 63837K [0x0000000081a00000, 0x0000000087a00000, 0x00000000d5e00000)
  object space 98304K, 64% used [0x0000000081a00000,0x00000000858576b8,0x0000000087a00000)
 Metaspace       used 57199K, capacity 58900K, committed 59096K, reserved 1101824K
  class space    used 7087K, capacity 7426K, committed 7552K, reserved 1048576K
Event: 31.906 GC heap after
Heap after GC invocations=16 (full 3):
 PSYoungGen      total 462336K, used 0K [0x00000000d5e00000, 0x00000000fc480000, 0x0000000100000000)
  eden space 435200K, 0% used [0x00000000d5e00000,0x00000000d5e00000,0x00000000f0700000)
  from space 27136K, 0% used [0x00000000f0700000,0x00000000f0700000,0x00000000f2180000)
  to   space 26624K, 0% used [0x00000000faa80000,0x00000000faa80000,0x00000000fc480000)
 ParOldGen       total 157184K, used 62638K [0x0000000081a00000, 0x000000008b380000, 0x00000000d5e00000)
  object space 157184K, 39% used [0x0000000081a00000,0x000000008572b908,0x000000008b380000)
 Metaspace       used 57199K, capacity 58900K, committed 59096K, reserved 1101824K
  class space    used 7087K, capacity 7426K, committed 7552K, reserved 1048576K
}

Deoptimization events (10 events):
Event: 29.477 Thread 0x0000000002d23800 Uncommon trap: reason=unstable_if action=reinterpret pc=0x0000000003b57540 method=sun.reflect.generics.reflectiveObjects.WildcardTypeImpl.getLowerBounds()[Ljava/lang/reflect/Type; @ 23
Event: 30.199 Thread 0x0000000002d23800 Uncommon trap: reason=unstable_if action=reinterpret pc=0x00000000033ffb50 method=java.io.ExpiringCache.entryFor(Ljava/lang/String;)Ljava/io/ExpiringCache$Entry; @ 39
Event: 30.199 Thread 0x0000000002d23800 Uncommon trap: reason=unstable_if action=reinterpret pc=0x000000000409ef0c method=java.io.ExpiringCache.entryFor(Ljava/lang/String;)Ljava/io/ExpiringCache$Entry; @ 39
Event: 30.996 Thread 0x0000000002d23800 Uncommon trap: reason=unstable_if action=reinterpret pc=0x000000000409c874 method=java.lang.Class$MethodArray.addIfNotPresent(Ljava/lang/reflect/Method;)V @ 19
Event: 31.203 Thread 0x0000000002d23800 Uncommon trap: reason=speculate_class_check action=maybe_recompile pc=0x0000000003672e50 method=java.util.AbstractList.listIterator()Ljava/util/ListIterator; @ 2
Event: 31.256 Thread 0x0000000002d23800 Uncommon trap: reason=speculate_class_check action=maybe_recompile pc=0x0000000003672e50 method=java.util.AbstractList.listIterator()Ljava/util/ListIterator; @ 2
Event: 31.256 Thread 0x0000000002d23800 Uncommon trap: reason=speculate_class_check action=maybe_recompile pc=0x0000000003672e50 method=java.util.AbstractList.listIterator()Ljava/util/ListIterator; @ 2
Event: 31.256 Thread 0x0000000002d23800 Uncommon trap: reason=speculate_class_check action=maybe_recompile pc=0x0000000003672e50 method=java.util.AbstractList.listIterator()Ljava/util/ListIterator; @ 2
Event: 32.187 Thread 0x0000000002d23800 Uncommon trap: reason=unstable_if action=reinterpret pc=0x00000000037c4814 method=org.jetbrains.org.objectweb.asm.ByteVector.putUTF8(Ljava/lang/String;)Lorg/jetbrains/org/objectweb/asm/ByteVector; @ 91
Event: 32.188 Thread 0x0000000002d23800 Uncommon trap: reason=unstable_if action=reinterpret pc=0x0000000003796678 method=org.jetbrains.org.objectweb.asm.ByteVector.putUTF8(Ljava/lang/String;)Lorg/jetbrains/org/objectweb/asm/ByteVector; @ 91

Internal exceptions (10 events):
Event: 30.853 Thread 0x0000000002d23800 Exception <a 'java/lang/ClassNotFoundException': javax/servlet/FilterCustomizer> (0x00000000dc5c3548) thrown at [C:\re\workspace\8-2-build-windows-amd64-cygwin\jdk8u144\9417\hotspot\src\share\vm\classfile\systemDictionary.cpp, line 210]
Event: 30.854 Thread 0x0000000002d23800 Exception <a 'java/lang/ClassNotFoundException': org/springframework/beans/factory/BeanNameAwareCustomizer> (0x00000000dc5e2cb8) thrown at [C:\re\workspace\8-2-build-windows-amd64-cygwin\jdk8u144\9417\hotspot\src\share\vm\classfile\systemDictionary.cpp, l
Event: 30.856 Thread 0x0000000002d23800 Exception <a 'java/lang/ClassNotFoundException': org/springframework/context/EnvironmentAwareCustomizer> (0x00000000dc600fe8) thrown at [C:\re\workspace\8-2-build-windows-amd64-cygwin\jdk8u144\9417\hotspot\src\share\vm\classfile\systemDictionary.cpp, line
Event: 30.857 Thread 0x0000000002d23800 Exception <a 'java/lang/ClassNotFoundException': org/springframework/core/env/EnvironmentCapableCustomizer> (0x00000000dc6201e0) thrown at [C:\re\workspace\8-2-build-windows-amd64-cygwin\jdk8u144\9417\hotspot\src\share\vm\classfile\systemDictionary.cpp, l
Event: 30.859 Thread 0x0000000002d23800 Exception <a 'java/lang/ClassNotFoundException': org/springframework/web/context/ServletContextAwareCustomizer> (0x00000000dc641350) thrown at [C:\re\workspace\8-2-build-windows-amd64-cygwin\jdk8u144\9417\hotspot\src\share\vm\classfile\systemDictionary.cp
Event: 30.860 Thread 0x0000000002d23800 Exception <a 'java/lang/ClassNotFoundException': org/springframework/beans/factory/InitializingBeanCustomizer> (0x00000000dc661ba0) thrown at [C:\re\workspace\8-2-build-windows-amd64-cygwin\jdk8u144\9417\hotspot\src\share\vm\classfile\systemDictionary.cpp
Event: 30.861 Thread 0x0000000002d23800 Exception <a 'java/lang/ClassNotFoundException': org/springframework/beans/factory/DisposableBeanCustomizer> (0x00000000dc6806a0) thrown at [C:\re\workspace\8-2-build-windows-amd64-cygwin\jdk8u144\9417\hotspot\src\share\vm\classfile\systemDictionary.cpp, 
Event: 30.869 Thread 0x0000000002d23800 Exception <a 'java/lang/ClassNotFoundException': java/lang/ObjectCustomizer> (0x00000000dc6e8288) thrown at [C:\re\workspace\8-2-build-windows-amd64-cygwin\jdk8u144\9417\hotspot\src\share\vm\classfile\systemDictionary.cpp, line 210]
Event: 30.871 Thread 0x0000000002d23800 Exception <a 'java/lang/ClassNotFoundException': org/springframework/web/multipart/support/StandardServletMultipartResolverCustomizer> (0x00000000dc713968) thrown at [C:\re\workspace\8-2-build-windows-amd64-cygwin\jdk8u144\9417\hotspot\src\share\vm\classf
Event: 30.872 Thread 0x0000000002d23800 Exception <a 'java/lang/ClassNotFoundException': org/springframework/web/multipart/MultipartResolverCustomizer> (0x00000000dc738830) thrown at [C:\re\workspace\8-2-build-windows-amd64-cygwin\jdk8u144\9417\hotspot\src\share\vm\classfile\systemDictionary.cp

Events (10 events):
Event: 32.311 loading class com/google/common/collect/LinkedListMultimap$NodeIterator
Event: 32.311 loading class com/google/common/collect/LinkedListMultimap$NodeIterator done
Event: 32.314 loading class springfox/documentation/spring/web/scanners/ApiDocumentationScanner$1
Event: 32.314 loading class springfox/documentation/spring/web/scanners/ApiDocumentationScanner$1 done
Event: 32.315 loading class springfox/documentation/spring/web/scanners/ApiDocumentationScanner$2
Event: 32.315 loading class springfox/documentation/spring/web/scanners/ApiDocumentationScanner$2 done
Event: 32.317 loading class org/springframework/web/util/HierarchicalUriComponents$PathSegmentComponent
Event: 32.317 loading class org/springframework/web/util/HierarchicalUriComponents$PathSegmentComponent done
Event: 32.319 loading class springfox/documentation/builders/ResourceListingBuilder
Event: 32.319 loading class springfox/documentation/builders/ResourceListingBuilder done


Dynamic libraries:
0x00007ff67db90000 - 0x00007ff67dbc7000 	C:\Program Files\Java\jdk1.8.0_144\bin\java.exe
0x00007ffda5a90000 - 0x00007ffda5c3d000 	C:\Windows\SYSTEM32\ntdll.dll
0x00007ffda33e0000 - 0x00007ffda351e000 	C:\Windows\system32\KERNEL32.DLL
0x00007ffda3000000 - 0x00007ffda3115000 	C:\Windows\system32\KERNELBASE.dll
0x00007ffda1780000 - 0x00007ffda180e000 	C:\Windows\system32\apphelp.dll
0x00007ffd99bb0000 - 0x00007ffd99c03000 	C:\Windows\AppPatch\AppPatch64\AcGenral.DLL
0x00007ffda5860000 - 0x00007ffda590a000 	C:\Windows\system32\msvcrt.dll
0x00007ffda2ec0000 - 0x00007ffda2eee000 	C:\Windows\system32\SspiCli.dll
0x00007ffda3d10000 - 0x00007ffda3d64000 	C:\Windows\system32\SHLWAPI.dll
0x00007ffda3980000 - 0x00007ffda3af7000 	C:\Windows\system32\USER32.dll
0x00007ffda5590000 - 0x00007ffda5724000 	C:\Windows\system32\ole32.dll
0x00007ffda4030000 - 0x00007ffda555c000 	C:\Windows\system32\SHELL32.dll
0x00007ffda2180000 - 0x00007ffda21a1000 	C:\Windows\SYSTEM32\USERENV.dll
0x00007ffda5910000 - 0x00007ffda59ba000 	C:\Windows\system32\ADVAPI32.dll
0x00007ffd9dae0000 - 0x00007ffd9dafe000 	C:\Windows\SYSTEM32\MPR.dll
0x00007ffda3dd0000 - 0x00007ffda3f10000 	C:\Windows\system32\RPCRT4.dll
0x00007ffda3d70000 - 0x00007ffda3dc9000 	C:\Windows\SYSTEM32\sechost.dll
0x00007ffda3760000 - 0x00007ffda3972000 	C:\Windows\SYSTEM32\combase.dll
0x00007ffda3290000 - 0x00007ffda33db000 	C:\Windows\system32\GDI32.dll
0x00007ffda2bc0000 - 0x00007ffda2bd5000 	C:\Windows\SYSTEM32\profapi.dll
0x00007ffda0ed0000 - 0x00007ffda0f82000 	C:\Windows\SYSTEM32\SHCORE.dll
0x00007ffda3f10000 - 0x00007ffda3f46000 	C:\Windows\system32\IMM32.DLL
0x00007ffda3130000 - 0x00007ffda3281000 	C:\Windows\system32\MSCTF.dll
0x00007ffd9fc00000 - 0x00007ffd9fe7b000 	C:\Windows\WinSxS\amd64_microsoft.windows.common-controls_6595b64144ccf1df_6.0.9600.18006_none_623f33d3ecbe86e8\COMCTL32.dll
0x0000000054ac0000 - 0x0000000054b92000 	C:\Program Files\Java\jdk1.8.0_144\jre\bin\msvcr100.dll
0x0000000054220000 - 0x0000000054abd000 	C:\Program Files\Java\jdk1.8.0_144\jre\bin\server\jvm.dll
0x00007ffd8fd10000 - 0x00007ffd8fd19000 	C:\Windows\SYSTEM32\WSOCK32.dll
0x00007ffd8faa0000 - 0x00007ffd8fac2000 	C:\Windows\SYSTEM32\WINMM.dll
0x00007ffd9e870000 - 0x00007ffd9e87a000 	C:\Windows\SYSTEM32\VERSION.dll
0x00007ffda3120000 - 0x00007ffda3127000 	C:\Windows\system32\PSAPI.DLL
0x00007ffda3520000 - 0x00007ffda357a000 	C:\Windows\system32\WS2_32.dll
0x00007ffd8fa70000 - 0x00007ffd8fa9a000 	C:\Windows\SYSTEM32\WINMMBASE.dll
0x00007ffda5560000 - 0x00007ffda5569000 	C:\Windows\system32\NSI.dll
0x00007ffda2c90000 - 0x00007ffda2cdf000 	C:\Windows\SYSTEM32\cfgmgr32.dll
0x00007ffda19e0000 - 0x00007ffda1a08000 	C:\Windows\SYSTEM32\DEVOBJ.dll
0x0000000054210000 - 0x000000005421f000 	C:\Program Files\Java\jdk1.8.0_144\jre\bin\verify.dll
0x00000000541e0000 - 0x0000000054209000 	C:\Program Files\Java\jdk1.8.0_144\jre\bin\java.dll
0x0000000054120000 - 0x0000000054143000 	C:\Program Files\Java\jdk1.8.0_144\jre\bin\instrument.dll
0x0000000054190000 - 0x00000000541a6000 	C:\Program Files\Java\jdk1.8.0_144\jre\bin\zip.dll
0x00007ffd999f0000 - 0x00007ffd99a0a000 	C:\Program Files\JetBrains\IntelliJ IDEA 2017.2.5\bin\breakgen64.dll
0x0000000053d60000 - 0x0000000053d7a000 	C:\Program Files\Java\jdk1.8.0_144\jre\bin\net.dll
0x00007ffda23f0000 - 0x00007ffda2449000 	C:\Windows\system32\mswsock.dll
0x0000000053d40000 - 0x0000000053d51000 	C:\Program Files\Java\jdk1.8.0_144\jre\bin\nio.dll
0x0000000054170000 - 0x000000005417d000 	C:\Program Files\Java\jdk1.8.0_144\jre\bin\management.dll
0x00007ffd90520000 - 0x00007ffd90535000 	C:\Windows\system32\napinsp.dll
0x00007ffd90020000 - 0x00007ffd9003a000 	C:\Windows\system32\pnrpnsp.dll
0x00007ffd9cb00000 - 0x00007ffd9cb1b000 	C:\Windows\system32\NLAapi.dll
0x00007ffda21f0000 - 0x00007ffda2294000 	C:\Windows\SYSTEM32\DNSAPI.dll
0x00007ffd910d0000 - 0x00007ffd910dd000 	C:\Windows\System32\winrnr.dll
0x00007ffd90000000 - 0x00007ffd90014000 	C:\Windows\system32\wshbth.dll
0x00007ffd8f630000 - 0x00007ffd8f63a000 	C:\Windows\System32\rasadhlp.dll
0x00007ffd9d680000 - 0x00007ffd9d6aa000 	C:\Windows\SYSTEM32\IPHLPAPI.DLL
0x00007ffd9d670000 - 0x00007ffd9d67a000 	C:\Windows\SYSTEM32\WINNSI.DLL
0x00007ffd9b910000 - 0x00007ffd9b97b000 	C:\Windows\System32\fwpuclnt.dll
0x00007ffda2450000 - 0x00007ffda2470000 	C:\Windows\SYSTEM32\CRYPTSP.dll
0x00007ffda2070000 - 0x00007ffda20a6000 	C:\Windows\system32\rsaenh.dll
0x00007ffda26a0000 - 0x00007ffda26c6000 	C:\Windows\SYSTEM32\bcrypt.dll
0x00007ffda29c0000 - 0x00007ffda2a23000 	C:\Windows\system32\bcryptprimitives.dll
0x00007ffda2a30000 - 0x00007ffda2a3b000 	C:\Windows\SYSTEM32\CRYPTBASE.dll
0x00007ffd99710000 - 0x00007ffd99726000 	C:\Windows\SYSTEM32\dhcpcsvc6.DLL
0x00007ffd9ba20000 - 0x00007ffd9ba3a000 	C:\Windows\SYSTEM32\dhcpcsvc.DLL

VM Arguments:
jvm_args: -ea -javaagent:C:\Program Files\JetBrains\IntelliJ IDEA 2017.2.5\lib\coverage-agent.jar=C:\Users\Dariusaz\AppData\Local\Temp\coverage6758args -Didea.test.cyclic.buffer.size=1048576 -javaagent:C:\Program Files\JetBrains\IntelliJ IDEA 2017.2.5\lib\idea_rt.jar=54676:C:\Program Files\JetBrains\IntelliJ IDEA 2017.2.5\bin -Dfile.encoding=UTF-8 
java_command: com.intellij.rt.execution.junit.JUnitStarter -ideVersion5 @w@C:\Users\Dariusaz\AppData\Local\Temp\idea_working_dirs_junit.tmp @C:\Users\Dariusaz\AppData\Local\Temp\idea_junit.tmp -socket54675
java_class_path (initial): C:\Program Files\JetBrains\IntelliJ IDEA 2017.2.5\lib\idea_rt.jar;C:\Program Files\JetBrains\IntelliJ IDEA 2017.2.5\plugins\junit\lib\junit-rt.jar;C:\Program Files\JetBrains\IntelliJ IDEA 2017.2.5\plugins\junit\lib\junit5-rt.jar;C:\Program Files\Java\jdk1.8.0_144\jre\lib\charsets.jar;C:\Program Files\Java\jdk1.8.0_144\jre\lib\deploy.jar;C:\Program Files\Java\jdk1.8.0_144\jre\lib\ext\access-bridge-64.jar;C:\Program Files\Java\jdk1.8.0_144\jre\lib\ext\cldrdata.jar;C:\Program Files\Java\jdk1.8.0_144\jre\lib\ext\dnsns.jar;C:\Program Files\Java\jdk1.8.0_144\jre\lib\ext\jaccess.jar;C:\Program Files\Java\jdk1.8.0_144\jre\lib\ext\jfxrt.jar;C:\Program Files\Java\jdk1.8.0_144\jre\lib\ext\localedata.jar;C:\Program Files\Java\jdk1.8.0_144\jre\lib\ext\nashorn.jar;C:\Program Files\Java\jdk1.8.0_144\jre\lib\ext\sunec.jar;C:\Program Files\Java\jdk1.8.0_144\jre\lib\ext\sunjce_provider.jar;C:\Program Files\Java\jdk1.8.0_144\jre\lib\ext\sunmscapi.jar;C:\Program Files\Java\jdk1.8.0_144\jre\lib\ext\sunpkcs11.jar;C:\Program Files\Java\jdk1.8.0_144\jre\lib\ext\zipfs.jar;C:\Program Files\Java\jdk1.8.0_144\jre\lib\javaws.jar;C:\Program Files\Java\jdk1.8.0_144\jre\lib\jce.jar;C:\Program Files\Java\jdk1.8.0_144\jre\lib\jfr.jar;C:\Program Files\Java\jdk1.8.0_144\jre\lib\jfxswt.jar;C:\Program Files\Java\jdk1.8.0_144\jre\lib\jsse.jar;C:\Program Files\Java\jdk1.8.0_144\jre\lib\management-agent.jar;C:\Program Files\Java\jdk1.8.0_144\jre\lib\plugin.jar;C:\Program Files\Java\jdk1.8.0_144\jre\lib\resources.jar;C:\Program Files\Java\jdk1.8.0_144\jre\lib\rt.jar;C:\Users\Dariusaz\Documents\Java_Projects\tasks\out\test\classes;C:\Users\Dariusaz\Documents\Java_Projects\tasks\out\production\classes;C:\Users\Dariusaz\Documents\Java_Projects\tasks\out\production\resources;C:\Users\Dariusaz\.gradle\caches\modules-2\files-2.1\org.springframework.boot\spring-boot-starter-data-jpa\2.0.0.BUILD-SNAPSHOT\a06bcc2db32c69e268744082d0945f14475df604\spring-boot-starter-data-jpa-2.0.0.BUILD-S
Launcher Type: SUN_STANDARD

Environment Variables:
JAVA_HOME=c:\Program Files\Java\jre1.8.0_144
PATH=c:\Program Files\Java\jre1.8.0_144\bin;C:\gradle-4.2.1\bin;C:\Program Files\MySQL\MySQL Utilities 1.6\;C:\Program Files (x86)\Skype\Phone\;C:\Program Files\nodejs\;C:\Program Files\Git\cmd;C:\Program Files\Git\mingw64\bin;C:\Program Files\Git\usr\bin;C:\Program Files\Intel\WiFi\bin\;C:\Program Files\Common Files\Intel\WirelessCommon\;C:\gradle-4.2.1\bin;C:\Users\Dariusaz\AppData\Roaming\npm;C:\Program Files\Heroku\bin
USERNAME=Dariusaz
OS=Windows_NT
PROCESSOR_IDENTIFIER=Intel64 Family 6 Model 69 Stepping 1, GenuineIntel



---------------  S Y S T E M  ---------------

OS: Windows 8.1 , 64 bit Build 9600 (6.3.9600.17415)

CPU:total 4 (initial active 4) (2 cores per cpu, 2 threads per core) family 6 model 69 stepping 1, cmov, cx8, fxsr, mmx, sse, sse2, sse3, ssse3, sse4.1, sse4.2, popcnt, avx, avx2, aes, clmul, erms, lzcnt, ht, tsc, tscinvbit, bmi1, bmi2

Memory: 4k page, physical 8278296k(1004040k free), swap 33444120k(5124k free)

vm_info: Java HotSpot(TM) 64-Bit Server VM (25.144-b01) for windows-amd64 JRE (1.8.0_144-b01), built on Jul 21 2017 21:57:33 by "java_re" with MS VC++ 10.0 (VS2010)

time: Thu Feb 01 14:19:07 2018
elapsed time: 32 seconds (0d 0h 0m 32s)

