#
# There is insufficient memory for the Java Runtime Environment to continue.
# Native memory allocation (malloc) failed to allocate 495840 bytes for Chunk::new
# Possible reasons:
#   The system is out of physical RAM or swap space
#   In 32 bit mode, the process size limit was hit
# Possible solutions:
#   Reduce memory load on the system
#   Increase physical memory or swap space
#   Check if swap backing store is full
#   Use 64 bit Java on a 64 bit OS
#   Decrease Java heap size (-Xmx/-Xms)
#   Decrease number of Java threads
#   Decrease Java thread stack sizes (-Xss)
#   Set larger code cache with -XX:ReservedCodeCacheSize=
# This output file may be truncated or incomplete.
#
#  Out of Memory Error (allocation.cpp:390), pid=4060, tid=0x000000000000166c
#
# JRE version: Java(TM) SE Runtime Environment (8.0_144-b01) (build 1.8.0_144-b01)
# Java VM: Java HotSpot(TM) 64-Bit Server VM (25.144-b01 mixed mode windows-amd64 compressed oops)
# Failed to write core dump. Minidumps are not enabled by default on client versions of Windows
#

---------------  T H R E A D  ---------------

Current thread (0x00000000178a7000):  JavaThread "C2 CompilerThread1" daemon [_thread_in_native, id=5740, stack(0x00000000194b0000,0x00000000195b0000)]

Stack: [0x00000000194b0000,0x00000000195b0000]
[error occurred during error reporting (printing stack bounds), id 0xc0000005]

Native frames: (J=compiled Java code, j=interpreted, Vv=VM code, C=native code)


Current CompileTask:
C2:   5140 1562   !   4       java.net.URL::<init> (543 bytes)


---------------  P R O C E S S  ---------------

Java Threads: ( => current thread )
  0x000000001ae98800 JavaThread "background-preinit" [_thread_in_native, id=6432, stack(0x000000001b380000,0x000000001b480000)]
  0x00000000178be000 JavaThread "Service Thread" daemon [_thread_blocked, id=5284, stack(0x00000000196b0000,0x00000000197b0000)]
  0x0000000018f3e000 JavaThread "C1 CompilerThread2" daemon [_thread_blocked, id=7672, stack(0x00000000195b0000,0x00000000196b0000)]
=>0x00000000178a7000 JavaThread "C2 CompilerThread1" daemon [_thread_in_native, id=5740, stack(0x00000000194b0000,0x00000000195b0000)]
  0x000000001789b800 JavaThread "C2 CompilerThread0" daemon [_thread_in_native, id=3668, stack(0x00000000193b0000,0x00000000194b0000)]
  0x000000001788f000 JavaThread "Monitor Ctrl-Break" daemon [_thread_in_native, id=944, stack(0x00000000192b0000,0x00000000193b0000)]
  0x0000000017872800 JavaThread "Attach Listener" daemon [_thread_blocked, id=4884, stack(0x0000000018db0000,0x0000000018eb0000)]
  0x0000000017871000 JavaThread "Signal Dispatcher" daemon [_thread_blocked, id=7504, stack(0x0000000018cb0000,0x0000000018db0000)]
  0x000000001784f800 JavaThread "Finalizer" daemon [_thread_blocked, id=7044, stack(0x0000000018ac0000,0x0000000018bc0000)]
  0x0000000017828800 JavaThread "Reference Handler" daemon [_thread_blocked, id=4000, stack(0x00000000189c0000,0x0000000018ac0000)]
  0x0000000002a34000 JavaThread "main" [_thread_in_Java, id=4240, stack(0x0000000002930000,0x0000000002a30000)]

Other Threads:
  0x0000000017827800 VMThread [stack: 0x00000000188c0000,0x00000000189c0000] [id=1756]
  0x0000000018fdc800 WatcherThread [stack: 0x00000000197b0000,0x00000000198b0000] [id=6540]

VM state:not at safepoint (normal execution)

VM Mutex/Monitor currently owned by a thread: None

Heap:
 PSYoungGen      total 38400K, used 14432K [0x00000000d5e00000, 0x00000000da900000, 0x0000000100000000)
  eden space 33280K, 27% used [0x00000000d5e00000,0x00000000d6718fe0,0x00000000d7e80000)
  from space 5120K, 99% used [0x00000000d7e80000,0x00000000d837f198,0x00000000d8380000)
  to   space 5120K, 0% used [0x00000000d8380000,0x00000000d8380000,0x00000000d8880000)
 ParOldGen       total 87552K, used 2367K [0x0000000081a00000, 0x0000000086f80000, 0x00000000d5e00000)
  object space 87552K, 2% used [0x0000000081a00000,0x0000000081c4fcd0,0x0000000086f80000)
 Metaspace       used 19566K, capacity 20104K, committed 20352K, reserved 1069056K
  class space    used 2540K, capacity 2686K, committed 2688K, reserved 1048576K

Card table byte_map: [0x00000000120e0000,0x00000000124e0000] byte_map_base: 0x0000000011cd3000

Marking Bits: (ParMarkBitMap*) 0x0000000054a3d850
 Begin Bits: [0x0000000012b90000, 0x0000000014b28000)
 End Bits:   [0x0000000014b28000, 0x0000000016ac0000)

Polling page: 0x0000000000dc0000

CodeCache: size=245760Kb used=5580Kb max_used=5580Kb free=240179Kb
 bounds [0x0000000002d20000, 0x00000000032a0000, 0x0000000011d20000]
 total_blobs=1966 nmethods=1600 adapters=278
 compilation: enabled

Compilation events (10 events):
Event: 5.129 Thread 0x0000000018f3e000 1597   !   3       org.springframework.util.ConcurrentReferenceHashMap$Segment::restructureIfNecessary (354 bytes)
Event: 5.133 Thread 0x0000000018f3e000 nmethod 1597 0x000000000328c910 code [0x000000000328cce0, 0x000000000328f6d8]
Event: 5.133 Thread 0x0000000018f3e000 1600       3       org.springframework.util.ConcurrentReferenceHashMap$ReferenceManager::createReference (43 bytes)
Event: 5.134 Thread 0x0000000018f3e000 nmethod 1600 0x0000000003291250 code [0x0000000003291400, 0x00000000032918e8]
Event: 5.134 Thread 0x0000000018f3e000 1598       3       org.apache.logging.slf4j.SLF4JLoggerContext::getLogger (41 bytes)
Event: 5.135 Thread 0x0000000018f3e000 nmethod 1598 0x0000000003291b90 code [0x0000000003291e80, 0x0000000003293398]
Event: 5.135 Thread 0x0000000018f3e000 1599       3       org.apache.logging.log4j.spi.LoggerRegistry::hasLogger (14 bytes)
Event: 5.135 Thread 0x0000000018f3e000 nmethod 1599 0x0000000003293f90 code [0x0000000003294100, 0x0000000003294358]
Event: 5.137 Thread 0x0000000018f3e000 1601       3       org.springframework.asm.MethodVisitor::visitVarInsn (17 bytes)
Event: 5.137 Thread 0x0000000018f3e000 nmethod 1601 0x0000000003294450 code [0x00000000032945c0, 0x0000000003294828]

GC Heap History (10 events):
Event: 2.141 GC heap before
{Heap before GC invocations=1 (full 0):
 PSYoungGen      total 38400K, used 33280K [0x00000000d5e00000, 0x00000000d8880000, 0x0000000100000000)
  eden space 33280K, 100% used [0x00000000d5e00000,0x00000000d7e80000,0x00000000d7e80000)
  from space 5120K, 0% used [0x00000000d8380000,0x00000000d8380000,0x00000000d8880000)
  to   space 5120K, 0% used [0x00000000d7e80000,0x00000000d7e80000,0x00000000d8380000)
 ParOldGen       total 87552K, used 0K [0x0000000081a00000, 0x0000000086f80000, 0x00000000d5e00000)
  object space 87552K, 0% used [0x0000000081a00000,0x0000000081a00000,0x0000000086f80000)
 Metaspace       used 8110K, capacity 8284K, committed 8576K, reserved 1056768K
  class space    used 967K, capacity 1058K, committed 1152K, reserved 1048576K
Event: 2.154 GC heap after
Heap after GC invocations=1 (full 0):
 PSYoungGen      total 38400K, used 3777K [0x00000000d5e00000, 0x00000000d8880000, 0x0000000100000000)
  eden space 33280K, 0% used [0x00000000d5e00000,0x00000000d5e00000,0x00000000d7e80000)
  from space 5120K, 73% used [0x00000000d7e80000,0x00000000d8230780,0x00000000d8380000)
  to   space 5120K, 0% used [0x00000000d8380000,0x00000000d8380000,0x00000000d8880000)
 ParOldGen       total 87552K, used 8K [0x0000000081a00000, 0x0000000086f80000, 0x00000000d5e00000)
  object space 87552K, 0% used [0x0000000081a00000,0x0000000081a02000,0x0000000086f80000)
 Metaspace       used 8110K, capacity 8284K, committed 8576K, reserved 1056768K
  class space    used 967K, capacity 1058K, committed 1152K, reserved 1048576K
}
Event: 3.295 GC heap before
{Heap before GC invocations=2 (full 0):
 PSYoungGen      total 38400K, used 37057K [0x00000000d5e00000, 0x00000000d8880000, 0x0000000100000000)
  eden space 33280K, 100% used [0x00000000d5e00000,0x00000000d7e80000,0x00000000d7e80000)
  from space 5120K, 73% used [0x00000000d7e80000,0x00000000d8230780,0x00000000d8380000)
  to   space 5120K, 0% used [0x00000000d8380000,0x00000000d8380000,0x00000000d8880000)
 ParOldGen       total 87552K, used 8K [0x0000000081a00000, 0x0000000086f80000, 0x00000000d5e00000)
  object space 87552K, 0% used [0x0000000081a00000,0x0000000081a02000,0x0000000086f80000)
 Metaspace       used 10948K, capacity 11174K, committed 11392K, reserved 1058816K
  class space    used 1315K, capacity 1407K, committed 1408K, reserved 1048576K
Event: 3.304 GC heap after
Heap after GC invocations=2 (full 0):
 PSYoungGen      total 38400K, used 4460K [0x00000000d5e00000, 0x00000000d8880000, 0x0000000100000000)
  eden space 33280K, 0% used [0x00000000d5e00000,0x00000000d5e00000,0x00000000d7e80000)
  from space 5120K, 87% used [0x00000000d8380000,0x00000000d87db220,0x00000000d8880000)
  to   space 5120K, 0% used [0x00000000d7e80000,0x00000000d7e80000,0x00000000d8380000)
 ParOldGen       total 87552K, used 16K [0x0000000081a00000, 0x0000000086f80000, 0x00000000d5e00000)
  object space 87552K, 0% used [0x0000000081a00000,0x0000000081a04000,0x0000000086f80000)
 Metaspace       used 10948K, capacity 11174K, committed 11392K, reserved 1058816K
  class space    used 1315K, capacity 1407K, committed 1408K, reserved 1048576K
}
Event: 4.091 GC heap before
{Heap before GC invocations=3 (full 0):
 PSYoungGen      total 38400K, used 37740K [0x00000000d5e00000, 0x00000000d8880000, 0x0000000100000000)
  eden space 33280K, 100% used [0x00000000d5e00000,0x00000000d7e80000,0x00000000d7e80000)
  from space 5120K, 87% used [0x00000000d8380000,0x00000000d87db220,0x00000000d8880000)
  to   space 5120K, 0% used [0x00000000d7e80000,0x00000000d7e80000,0x00000000d8380000)
 ParOldGen       total 87552K, used 16K [0x0000000081a00000, 0x0000000086f80000, 0x00000000d5e00000)
  object space 87552K, 0% used [0x0000000081a00000,0x0000000081a04000,0x0000000086f80000)
 Metaspace       used 14164K, capacity 14562K, committed 14720K, reserved 1062912K
  class space    used 1731K, capacity 1859K, committed 1920K, reserved 1048576K
Event: 4.099 GC heap after
Heap after GC invocations=3 (full 0):
 PSYoungGen      total 38400K, used 5019K [0x00000000d5e00000, 0x00000000d8880000, 0x0000000100000000)
  eden space 33280K, 0% used [0x00000000d5e00000,0x00000000d5e00000,0x00000000d7e80000)
  from space 5120K, 98% used [0x00000000d7e80000,0x00000000d8366e10,0x00000000d8380000)
  to   space 5120K, 0% used [0x00000000d8380000,0x00000000d8380000,0x00000000d8880000)
 ParOldGen       total 87552K, used 24K [0x0000000081a00000, 0x0000000086f80000, 0x00000000d5e00000)
  object space 87552K, 0% used [0x0000000081a00000,0x0000000081a06000,0x0000000086f80000)
 Metaspace       used 14164K, capacity 14562K, committed 14720K, reserved 1062912K
  class space    used 1731K, capacity 1859K, committed 1920K, reserved 1048576K
}
Event: 4.496 GC heap before
{Heap before GC invocations=4 (full 0):
 PSYoungGen      total 38400K, used 38299K [0x00000000d5e00000, 0x00000000d8880000, 0x0000000100000000)
  eden space 33280K, 100% used [0x00000000d5e00000,0x00000000d7e80000,0x00000000d7e80000)
  from space 5120K, 98% used [0x00000000d7e80000,0x00000000d8366e10,0x00000000d8380000)
  to   space 5120K, 0% used [0x00000000d8380000,0x00000000d8380000,0x00000000d8880000)
 ParOldGen       total 87552K, used 24K [0x0000000081a00000, 0x0000000086f80000, 0x00000000d5e00000)
  object space 87552K, 0% used [0x0000000081a00000,0x0000000081a06000,0x0000000086f80000)
 Metaspace       used 16126K, capacity 16526K, committed 16640K, reserved 1062912K
  class space    used 2116K, capacity 2231K, committed 2304K, reserved 1048576K
Event: 4.505 GC heap after
Heap after GC invocations=4 (full 0):
 PSYoungGen      total 38400K, used 5105K [0x00000000d5e00000, 0x00000000da900000, 0x0000000100000000)
  eden space 33280K, 0% used [0x00000000d5e00000,0x00000000d5e00000,0x00000000d7e80000)
  from space 5120K, 99% used [0x00000000d8380000,0x00000000d887c688,0x00000000d8880000)
  to   space 5120K, 0% used [0x00000000d7e80000,0x00000000d7e80000,0x00000000d8380000)
 ParOldGen       total 87552K, used 557K [0x0000000081a00000, 0x0000000086f80000, 0x00000000d5e00000)
  object space 87552K, 0% used [0x0000000081a00000,0x0000000081a8b7f0,0x0000000086f80000)
 Metaspace       used 16126K, capacity 16526K, committed 16640K, reserved 1062912K
  class space    used 2116K, capacity 2231K, committed 2304K, reserved 1048576K
}
Event: 5.032 GC heap before
{Heap before GC invocations=5 (full 0):
 PSYoungGen      total 38400K, used 38383K [0x00000000d5e00000, 0x00000000da900000, 0x0000000100000000)
  eden space 33280K, 99% used [0x00000000d5e00000,0x00000000d7e7f830,0x00000000d7e80000)
  from space 5120K, 99% used [0x00000000d8380000,0x00000000d887c688,0x00000000d8880000)
  to   space 5120K, 0% used [0x00000000d7e80000,0x00000000d7e80000,0x00000000d8380000)
 ParOldGen       total 87552K, used 557K [0x0000000081a00000, 0x0000000086f80000, 0x00000000d5e00000)
  object space 87552K, 0% used [0x0000000081a00000,0x0000000081a8b7f0,0x0000000086f80000)
 Metaspace       used 18897K, capacity 19358K, committed 19584K, reserved 1067008K
  class space    used 2472K, capacity 2587K, committed 2688K, reserved 1048576K
Event: 5.049 GC heap after
Heap after GC invocations=5 (full 0):
 PSYoungGen      total 38400K, used 5116K [0x00000000d5e00000, 0x00000000da900000, 0x0000000100000000)
  eden space 33280K, 0% used [0x00000000d5e00000,0x00000000d5e00000,0x00000000d7e80000)
  from space 5120K, 99% used [0x00000000d7e80000,0x00000000d837f198,0x00000000d8380000)
  to   space 5120K, 0% used [0x00000000d8380000,0x00000000d8380000,0x00000000d8880000)
 ParOldGen       total 87552K, used 2367K [0x0000000081a00000, 0x0000000086f80000, 0x00000000d5e00000)
  object space 87552K, 2% used [0x0000000081a00000,0x0000000081c4fcd0,0x0000000086f80000)
 Metaspace       used 18897K, capacity 19358K, committed 19584K, reserved 1067008K
  class space    used 2472K, capacity 2587K, committed 2688K, reserved 1048576K
}

Deoptimization events (10 events):
Event: 4.100 Thread 0x0000000002a34000 Uncommon trap: reason=unstable_if action=reinterpret pc=0x00000000031afa64 method=java.util.concurrent.ConcurrentHashMap.get(Ljava/lang/Object;)Ljava/lang/Object; @ 152
Event: 4.100 Thread 0x0000000002a34000 Uncommon trap: reason=class_check action=maybe_recompile pc=0x00000000031b44ec method=java.util.concurrent.ConcurrentHashMap.putVal(Ljava/lang/Object;Ljava/lang/Object;Z)Ljava/lang/Object; @ 192
Event: 4.168 Thread 0x0000000002a34000 Uncommon trap: reason=unstable_if action=reinterpret pc=0x00000000031b457c method=java.util.concurrent.ConcurrentHashMap.addCount(JI)V @ 168
Event: 4.280 Thread 0x0000000002a34000 Uncommon trap: reason=unstable_if action=reinterpret pc=0x000000000311f0ec method=java.net.URL.<init>(Ljava/net/URL;Ljava/lang/String;Ljava/net/URLStreamHandler;)V @ 347
Event: 4.695 Thread 0x0000000002a34000 Uncommon trap: reason=null_assert action=make_not_entrant pc=0x0000000002f19e5c method=java.util.zip.ZipEntry.<init>(Ljava/util/zip/ZipEntry;)V @ 70
Event: 4.729 Thread 0x0000000002a34000 Uncommon trap: reason=unstable_if action=reinterpret pc=0x00000000030010bc method=java.util.HashMap.hash(Ljava/lang/Object;)I @ 1
Event: 4.733 Thread 0x000000001ae98800 Uncommon trap: reason=bimorphic action=maybe_recompile pc=0x000000000304ed40 method=java.util.HashMap.putVal(ILjava/lang/Object;Ljava/lang/Object;ZZ)Ljava/lang/Object; @ 203
Event: 4.736 Thread 0x000000001ae98800 Uncommon trap: reason=bimorphic action=maybe_recompile pc=0x000000000304ed40 method=java.util.HashMap.putVal(ILjava/lang/Object;Ljava/lang/Object;ZZ)Ljava/lang/Object; @ 203
Event: 4.739 Thread 0x000000001ae98800 Uncommon trap: reason=bimorphic action=maybe_recompile pc=0x000000000304ed40 method=java.util.HashMap.putVal(ILjava/lang/Object;Ljava/lang/Object;ZZ)Ljava/lang/Object; @ 203
Event: 5.122 Thread 0x0000000002a34000 Uncommon trap: reason=unloaded action=reinterpret pc=0x00000000031890ac method=org.springframework.util.ConcurrentReferenceHashMap$Segment.restructureIfNecessary(Z)V @ 331

Internal exceptions (10 events):
Event: 4.217 Thread 0x000000001ae98800 Exception <a 'java/lang/NoSuchMethodError': java.lang.Object.forClass(Ljava/lang/Class;)Lorg/hibernate/validator/internal/engine/constraintvalidation/ConstraintValidatorDescriptor;> (0x00000000d67d0900) thrown at [C:\re\workspace\8-2-build-windows-amd64-c
Event: 4.594 Thread 0x0000000002a34000 Exception <a 'java/io/FileNotFoundException'> (0x00000000d6106f40) thrown at [C:\re\workspace\8-2-build-windows-amd64-cygwin\jdk8u144\9417\hotspot\src\share\vm\prims\jni.cpp, line 709]
Event: 4.729 Thread 0x0000000002a34000 Implicit null exception at 0x0000000003000ed5 to 0x00000000030010ad
Event: 4.992 Thread 0x0000000002a34000 Exception <a 'java/lang/ClassNotFoundException': java/lang/ObjectCustomizer> (0x00000000d7d00b78) thrown at [C:\re\workspace\8-2-build-windows-amd64-cygwin\jdk8u144\9417\hotspot\src\share\vm\classfile\systemDictionary.cpp, line 210]
Event: 4.998 Thread 0x0000000002a34000 Exception <a 'java/lang/ClassNotFoundException': org/springframework/context/annotation/ConfigurationClassPostProcessorCustomizer> (0x00000000d7d38ca0) thrown at [C:\re\workspace\8-2-build-windows-amd64-cygwin\jdk8u144\9417\hotspot\src\share\vm\classfile\
Event: 5.029 Thread 0x0000000002a34000 Exception <a 'java/lang/ClassNotFoundException': org/springframework/beans/factory/support/BeanDefinitionRegistryPostProcessorCustomizer> (0x00000000d7e3d148) thrown at [C:\re\workspace\8-2-build-windows-amd64-cygwin\jdk8u144\9417\hotspot\src\share\vm\cla
Event: 5.031 Thread 0x0000000002a34000 Exception <a 'java/lang/ClassNotFoundException': org/springframework/core/PriorityOrderedCustomizer> (0x00000000d7e5a3f8) thrown at [C:\re\workspace\8-2-build-windows-amd64-cygwin\jdk8u144\9417\hotspot\src\share\vm\classfile\systemDictionary.cpp, line 210
Event: 5.051 Thread 0x0000000002a34000 Exception <a 'java/lang/ClassNotFoundException': org/springframework/context/ResourceLoaderAwareCustomizer> (0x00000000d5e567a8) thrown at [C:\re\workspace\8-2-build-windows-amd64-cygwin\jdk8u144\9417\hotspot\src\share\vm\classfile\systemDictionary.cpp, l
Event: 5.052 Thread 0x0000000002a34000 Exception <a 'java/lang/ClassNotFoundException': org/springframework/beans/factory/BeanClassLoaderAwareCustomizer> (0x00000000d5e79648) thrown at [C:\re\workspace\8-2-build-windows-amd64-cygwin\jdk8u144\9417\hotspot\src\share\vm\classfile\systemDictionary
Event: 5.053 Thread 0x0000000002a34000 Exception <a 'java/lang/ClassNotFoundException': org/springframework/context/EnvironmentAwareCustomizer> (0x00000000d5e98830) thrown at [C:\re\workspace\8-2-build-windows-amd64-cygwin\jdk8u144\9417\hotspot\src\share\vm\classfile\systemDictionary.cpp, line

Events (10 events):
Event: 5.127 loading class com/fasterxml/jackson/annotation/JsonBackReference
Event: 5.127 loading class com/fasterxml/jackson/annotation/JsonBackReference done
Event: 5.127 loading class com/fasterxml/jackson/annotation/JsonManagedReference
Event: 5.127 loading class com/fasterxml/jackson/annotation/JsonManagedReference done
Event: 5.128 loading class com/fasterxml/jackson/databind/annotation/JsonDeserialize
Event: 5.129 loading class com/fasterxml/jackson/databind/annotation/JsonDeserialize done
Event: 5.136 loading class com/fasterxml/jackson/annotation/JsonMerge
Event: 5.136 loading class com/fasterxml/jackson/annotation/JsonMerge done
Event: 5.137 loading class com/fasterxml/jackson/databind/ext/Java7Support
Event: 5.137 loading class com/fasterxml/jackson/databind/ext/Java7Support done


Dynamic libraries:
0x00007ff6808c0000 - 0x00007ff6808f7000 	C:\Program Files\Java\jdk1.8.0_144\bin\java.exe
0x00007ffda5a90000 - 0x00007ffda5c3d000 	C:\Windows\SYSTEM32\ntdll.dll
0x00007ffda33e0000 - 0x00007ffda351e000 	C:\Windows\system32\KERNEL32.DLL
0x00007ffda3000000 - 0x00007ffda3115000 	C:\Windows\system32\KERNELBASE.dll
0x00007ffda1780000 - 0x00007ffda180e000 	C:\Windows\system32\apphelp.dll
0x00007ffd99000000 - 0x00007ffd99053000 	C:\Windows\AppPatch\AppPatch64\AcGenral.DLL
0x00007ffda5860000 - 0x00007ffda590a000 	C:\Windows\system32\msvcrt.dll
0x00007ffda2ec0000 - 0x00007ffda2eee000 	C:\Windows\system32\SspiCli.dll
0x00007ffda3d10000 - 0x00007ffda3d64000 	C:\Windows\system32\SHLWAPI.dll
0x00007ffda3980000 - 0x00007ffda3af7000 	C:\Windows\system32\USER32.dll
0x00007ffda5590000 - 0x00007ffda5724000 	C:\Windows\system32\ole32.dll
0x00007ffda4030000 - 0x00007ffda555c000 	C:\Windows\system32\SHELL32.dll
0x00007ffda2180000 - 0x00007ffda21a1000 	C:\Windows\SYSTEM32\USERENV.dll
0x00007ffda5910000 - 0x00007ffda59ba000 	C:\Windows\system32\ADVAPI32.dll
0x00007ffd9dae0000 - 0x00007ffd9dafe000 	C:\Windows\SYSTEM32\MPR.dll
0x00007ffda3dd0000 - 0x00007ffda3f10000 	C:\Windows\system32\RPCRT4.dll
0x00007ffda3d70000 - 0x00007ffda3dc9000 	C:\Windows\SYSTEM32\sechost.dll
0x00007ffda3760000 - 0x00007ffda3972000 	C:\Windows\SYSTEM32\combase.dll
0x00007ffda3290000 - 0x00007ffda33db000 	C:\Windows\system32\GDI32.dll
0x00007ffda2bc0000 - 0x00007ffda2bd5000 	C:\Windows\SYSTEM32\profapi.dll
0x00007ffda0ed0000 - 0x00007ffda0f82000 	C:\Windows\SYSTEM32\SHCORE.dll
0x00007ffda3f10000 - 0x00007ffda3f46000 	C:\Windows\system32\IMM32.DLL
0x00007ffda3130000 - 0x00007ffda3281000 	C:\Windows\system32\MSCTF.dll
0x00007ffd9fc00000 - 0x00007ffd9fe7b000 	C:\Windows\WinSxS\amd64_microsoft.windows.common-controls_6595b64144ccf1df_6.0.9600.18006_none_623f33d3ecbe86e8\COMCTL32.dll
0x0000000054ac0000 - 0x0000000054b92000 	C:\Program Files\Java\jdk1.8.0_144\jre\bin\msvcr100.dll
0x0000000054220000 - 0x0000000054abd000 	C:\Program Files\Java\jdk1.8.0_144\jre\bin\server\jvm.dll
0x00007ffd8fd10000 - 0x00007ffd8fd19000 	C:\Windows\SYSTEM32\WSOCK32.dll
0x00007ffd8faa0000 - 0x00007ffd8fac2000 	C:\Windows\SYSTEM32\WINMM.dll
0x00007ffd9e870000 - 0x00007ffd9e87a000 	C:\Windows\SYSTEM32\VERSION.dll
0x00007ffda3120000 - 0x00007ffda3127000 	C:\Windows\system32\PSAPI.DLL
0x00007ffda3520000 - 0x00007ffda357a000 	C:\Windows\system32\WS2_32.dll
0x00007ffd8fa70000 - 0x00007ffd8fa9a000 	C:\Windows\SYSTEM32\WINMMBASE.dll
0x00007ffda5560000 - 0x00007ffda5569000 	C:\Windows\system32\NSI.dll
0x00007ffda2c90000 - 0x00007ffda2cdf000 	C:\Windows\SYSTEM32\cfgmgr32.dll
0x00007ffda19e0000 - 0x00007ffda1a08000 	C:\Windows\SYSTEM32\DEVOBJ.dll
0x0000000054210000 - 0x000000005421f000 	C:\Program Files\Java\jdk1.8.0_144\jre\bin\verify.dll
0x00000000541e0000 - 0x0000000054209000 	C:\Program Files\Java\jdk1.8.0_144\jre\bin\java.dll
0x0000000054120000 - 0x0000000054143000 	C:\Program Files\Java\jdk1.8.0_144\jre\bin\instrument.dll
0x0000000054190000 - 0x00000000541a6000 	C:\Program Files\Java\jdk1.8.0_144\jre\bin\zip.dll
0x00007ffd9c7d0000 - 0x00007ffd9c7ea000 	C:\Program Files\JetBrains\IntelliJ IDEA 2017.2.5\bin\breakgen64.dll
0x0000000053d60000 - 0x0000000053d7a000 	C:\Program Files\Java\jdk1.8.0_144\jre\bin\net.dll
0x00007ffda23f0000 - 0x00007ffda2449000 	C:\Windows\system32\mswsock.dll
0x0000000053d40000 - 0x0000000053d51000 	C:\Program Files\Java\jdk1.8.0_144\jre\bin\nio.dll
0x0000000054170000 - 0x000000005417d000 	C:\Program Files\Java\jdk1.8.0_144\jre\bin\management.dll
0x00007ffd90520000 - 0x00007ffd90535000 	C:\Windows\system32\napinsp.dll
0x00007ffd90020000 - 0x00007ffd9003a000 	C:\Windows\system32\pnrpnsp.dll
0x00007ffd9cb00000 - 0x00007ffd9cb1b000 	C:\Windows\system32\NLAapi.dll
0x00007ffda21f0000 - 0x00007ffda2294000 	C:\Windows\SYSTEM32\DNSAPI.dll
0x00007ffd910d0000 - 0x00007ffd910dd000 	C:\Windows\System32\winrnr.dll
0x00007ffd90000000 - 0x00007ffd90014000 	C:\Windows\system32\wshbth.dll
0x00007ffd8f630000 - 0x00007ffd8f63a000 	C:\Windows\System32\rasadhlp.dll
0x00007ffd9d680000 - 0x00007ffd9d6aa000 	C:\Windows\SYSTEM32\IPHLPAPI.DLL
0x00007ffd9d670000 - 0x00007ffd9d67a000 	C:\Windows\SYSTEM32\WINNSI.DLL
0x00007ffd9b910000 - 0x00007ffd9b97b000 	C:\Windows\System32\fwpuclnt.dll

VM Arguments:
jvm_args: -ea -Didea.test.cyclic.buffer.size=1048576 -javaagent:C:\Program Files\JetBrains\IntelliJ IDEA 2017.2.5\lib\idea_rt.jar=53625:C:\Program Files\JetBrains\IntelliJ IDEA 2017.2.5\bin -Dfile.encoding=UTF-8 
java_command: com.intellij.rt.execution.junit.JUnitStarter -ideVersion5 -junit4 com.crud.tasks.controller.TaskControllerTestSuite,testDeleteTask
java_class_path (initial): C:\Program Files\JetBrains\IntelliJ IDEA 2017.2.5\lib\idea_rt.jar;C:\Program Files\JetBrains\IntelliJ IDEA 2017.2.5\plugins\junit\lib\junit-rt.jar;C:\Program Files\JetBrains\IntelliJ IDEA 2017.2.5\plugins\junit\lib\junit5-rt.jar;C:\Program Files\Java\jdk1.8.0_144\jre\lib\charsets.jar;C:\Program Files\Java\jdk1.8.0_144\jre\lib\deploy.jar;C:\Program Files\Java\jdk1.8.0_144\jre\lib\ext\access-bridge-64.jar;C:\Program Files\Java\jdk1.8.0_144\jre\lib\ext\cldrdata.jar;C:\Program Files\Java\jdk1.8.0_144\jre\lib\ext\dnsns.jar;C:\Program Files\Java\jdk1.8.0_144\jre\lib\ext\jaccess.jar;C:\Program Files\Java\jdk1.8.0_144\jre\lib\ext\jfxrt.jar;C:\Program Files\Java\jdk1.8.0_144\jre\lib\ext\localedata.jar;C:\Program Files\Java\jdk1.8.0_144\jre\lib\ext\nashorn.jar;C:\Program Files\Java\jdk1.8.0_144\jre\lib\ext\sunec.jar;C:\Program Files\Java\jdk1.8.0_144\jre\lib\ext\sunjce_provider.jar;C:\Program Files\Java\jdk1.8.0_144\jre\lib\ext\sunmscapi.jar;C:\Program Files\Java\jdk1.8.0_144\jre\lib\ext\sunpkcs11.jar;C:\Program Files\Java\jdk1.8.0_144\jre\lib\ext\zipfs.jar;C:\Program Files\Java\jdk1.8.0_144\jre\lib\javaws.jar;C:\Program Files\Java\jdk1.8.0_144\jre\lib\jce.jar;C:\Program Files\Java\jdk1.8.0_144\jre\lib\jfr.jar;C:\Program Files\Java\jdk1.8.0_144\jre\lib\jfxswt.jar;C:\Program Files\Java\jdk1.8.0_144\jre\lib\jsse.jar;C:\Program Files\Java\jdk1.8.0_144\jre\lib\management-agent.jar;C:\Program Files\Java\jdk1.8.0_144\jre\lib\plugin.jar;C:\Program Files\Java\jdk1.8.0_144\jre\lib\resources.jar;C:\Program Files\Java\jdk1.8.0_144\jre\lib\rt.jar;C:\Users\Dariusaz\Documents\Java_Projects\tasks\out\test\classes;C:\Users\Dariusaz\Documents\Java_Projects\tasks\out\production\classes;C:\Users\Dariusaz\Documents\Java_Projects\tasks\out\production\resources;C:\Users\Dariusaz\.gradle\caches\modules-2\files-2.1\org.springframework.boot\spring-boot-starter-data-jpa\2.0.0.BUILD-SNAPSHOT\a0c0874325d09636f5e6ef1f573c5e2c25e7a7da\spring-boot-starter-data-jpa-2.0.0.BUILD-S
Launcher Type: SUN_STANDARD

Environment Variables:
JAVA_HOME=c:\Program Files\Java\jre1.8.0_144
PATH=c:\Program Files\Java\jre1.8.0_144\bin;C:\gradle-4.2.1\bin;C:\Program Files\MySQL\MySQL Utilities 1.6\;C:\Program Files (x86)\Skype\Phone\;C:\Program Files\nodejs\;C:\Program Files\Git\cmd;C:\Program Files\Git\mingw64\bin;C:\Program Files\Git\usr\bin;C:\Program Files\Intel\WiFi\bin\;C:\Program Files\Common Files\Intel\WirelessCommon\;C:\gradle-4.2.1\bin;C:\Users\Dariusaz\AppData\Roaming\npm;C:\Program Files\Heroku\bin
USERNAME=Dariusaz
OS=Windows_NT
PROCESSOR_IDENTIFIER=Intel64 Family 6 Model 69 Stepping 1, GenuineIntel



---------------  S Y S T E M  ---------------

OS: Windows 8.1 , 64 bit Build 9600 (6.3.9600.17415)

CPU:total 4 (initial active 4) (2 cores per cpu, 2 threads per core) family 6 model 69 stepping 1, cmov, cx8, fxsr, mmx, sse, sse2, sse3, ssse3, sse4.1, sse4.2, popcnt, avx, avx2, aes, clmul, erms, lzcnt, ht, tsc, tscinvbit, bmi1, bmi2

Memory: 4k page, physical 8278296k(1079224k free), swap 33444120k(5132k free)

vm_info: Java HotSpot(TM) 64-Bit Server VM (25.144-b01) for windows-amd64 JRE (1.8.0_144-b01), built on Jul 21 2017 21:57:33 by "java_re" with MS VC++ 10.0 (VS2010)

time: Fri Feb 02 20:05:58 2018
elapsed time: 5 seconds (0d 0h 0m 5s)

