#
# There is insufficient memory for the Java Runtime Environment to continue.
# Native memory allocation (malloc) failed to allocate 32744 bytes for ChunkPool::allocate
# Possible reasons:
#   The system is out of physical RAM or swap space
#   In 32 bit mode, the process size limit was hit
# Possible solutions:
#   Reduce memory load on the system
#   Increase physical memory or swap space
#   Check if swap backing store is full
#   Use 64 bit Java on a 64 bit OS
#   Decrease Java heap size (-Xmx/-Xms)
#   Decrease number of Java threads
#   Decrease Java thread stack sizes (-Xss)
#   Set larger code cache with -XX:ReservedCodeCacheSize=
# This output file may be truncated or incomplete.
#
#  Out of Memory Error (allocation.cpp:273), pid=7340, tid=0x0000000000001558
#
# JRE version: Java(TM) SE Runtime Environment (8.0_144-b01) (build 1.8.0_144-b01)
# Java VM: Java HotSpot(TM) 64-Bit Server VM (25.144-b01 mixed mode windows-amd64 compressed oops)
# Failed to write core dump. Minidumps are not enabled by default on client versions of Windows
#

---------------  T H R E A D  ---------------

Current thread (0x0000000016e2f000):  JavaThread "C2 CompilerThread1" daemon [_thread_in_native, id=5464, stack(0x0000000018a40000,0x0000000018b40000)]

Stack: [0x0000000018a40000,0x0000000018b40000]
[error occurred during error reporting (printing stack bounds), id 0xc0000005]

Native frames: (J=compiled Java code, j=interpreted, Vv=VM code, C=native code)


Current CompileTask:
C2:   7968 2561   !   4       java.net.URLClassLoader$1::run (63 bytes)


---------------  P R O C E S S  ---------------

Java Threads: ( => current thread )
  0x0000000016e4e000 JavaThread "Service Thread" daemon [_thread_blocked, id=4608, stack(0x0000000018c40000,0x0000000018d40000)]
  0x0000000016e3e000 JavaThread "C1 CompilerThread2" daemon [_thread_in_native, id=5288, stack(0x0000000018b40000,0x0000000018c40000)]
=>0x0000000016e2f000 JavaThread "C2 CompilerThread1" daemon [_thread_in_native, id=5464, stack(0x0000000018a40000,0x0000000018b40000)]
  0x0000000016e2b800 JavaThread "C2 CompilerThread0" daemon [_thread_in_native, id=3452, stack(0x0000000018940000,0x0000000018a40000)]
  0x0000000016e1f000 JavaThread "Monitor Ctrl-Break" daemon [_thread_in_native, id=3492, stack(0x0000000018840000,0x0000000018940000)]
  0x0000000016e02800 JavaThread "Attach Listener" daemon [_thread_blocked, id=8064, stack(0x0000000018340000,0x0000000018440000)]
  0x0000000016e01000 JavaThread "Signal Dispatcher" daemon [_thread_blocked, id=6796, stack(0x0000000018240000,0x0000000018340000)]
  0x0000000016ddf800 JavaThread "Finalizer" daemon [_thread_blocked, id=6048, stack(0x0000000018050000,0x0000000018150000)]
  0x0000000016db8800 JavaThread "Reference Handler" daemon [_thread_blocked, id=7108, stack(0x0000000017f50000,0x0000000018050000)]
  0x0000000002014000 JavaThread "main" [_thread_in_vm, id=5884, stack(0x0000000001f10000,0x0000000002010000)]

Other Threads:
  0x0000000016db7800 VMThread [stack: 0x0000000017e50000,0x0000000017f50000] [id=412]
  0x000000001856e800 WatcherThread [stack: 0x0000000018d40000,0x0000000018e40000] [id=5092]

VM state:not at safepoint (normal execution)

VM Mutex/Monitor currently owned by a thread: None

Heap:
 PSYoungGen      total 112640K, used 18674K [0x00000000d5e00000, 0x00000000df080000, 0x0000000100000000)
  eden space 102912K, 8% used [0x00000000d5e00000,0x00000000d66be4b0,0x00000000dc280000)
  from space 9728K, 99% used [0x00000000ddd80000,0x00000000de6fe558,0x00000000de700000)
  to   space 8192K, 0% used [0x00000000de880000,0x00000000de880000,0x00000000df080000)
 ParOldGen       total 59904K, used 12464K [0x0000000081a00000, 0x0000000085480000, 0x00000000d5e00000)
  object space 59904K, 20% used [0x0000000081a00000,0x000000008262c2e0,0x0000000085480000)
 Metaspace       used 30611K, capacity 31304K, committed 31488K, reserved 1077248K
  class space    used 4155K, capacity 4328K, committed 4352K, reserved 1048576K

Card table byte_map: [0x0000000011670000,0x0000000011a70000] byte_map_base: 0x0000000011263000

Marking Bits: (ParMarkBitMap*) 0x0000000053cfd850
 Begin Bits: [0x0000000012120000, 0x00000000140b8000)
 End Bits:   [0x00000000140b8000, 0x0000000016050000)

Polling page: 0x0000000000770000

CodeCache: size=245760Kb used=10368Kb max_used=10368Kb free=235391Kb
 bounds [0x00000000022b0000, 0x0000000002ce0000, 0x00000000112b0000]
 total_blobs=3191 nmethods=2788 adapters=315
 compilation: enabled

Compilation events (10 events):
Event: 7.921 Thread 0x0000000016e3e000 2806       3       net.bytebuddy.description.method.ParameterList$TypeSubstituting::size (10 bytes)
Event: 7.922 Thread 0x0000000016e3e000 nmethod 2806 0x0000000002cd3f50 code [0x0000000002cd40c0, 0x0000000002cd42e8]
Event: 7.926 Thread 0x0000000016e3e000 2807       3       net.bytebuddy.description.method.MethodDescription$ForLoadedMethod::getInternalName (8 bytes)
Event: 7.926 Thread 0x0000000016e3e000 nmethod 2807 0x0000000002cd4390 code [0x0000000002cd44e0, 0x0000000002cd46d0]
Event: 7.926 Thread 0x0000000016e3e000 2808       3       net.bytebuddy.description.method.MethodDescription$TypeSubstituting::getInternalName (10 bytes)
Event: 7.927 Thread 0x0000000016e3e000 nmethod 2808 0x0000000002cd4790 code [0x0000000002cd4900, 0x0000000002cd4b28]
Event: 7.932 Thread 0x0000000016e3e000 2809       3       net.bytebuddy.description.ModifierReviewable$AbstractBase::matchesMask (16 bytes)
Event: 7.932 Thread 0x0000000016e3e000 nmethod 2809 0x0000000002cd4bd0 code [0x0000000002cd4d40, 0x0000000002cd4fa8]
Event: 7.933 Thread 0x0000000016e3e000 2810       3       net.bytebuddy.matcher.ElementMatcher$Junction$Conjunction::matches (32 bytes)
Event: 7.933 Thread 0x0000000016e3e000 nmethod 2810 0x0000000002cd5050 code [0x0000000002cd51e0, 0x0000000002cd5578]

GC Heap History (10 events):
Event: 3.835 GC heap before
{Heap before GC invocations=4 (full 0):
 PSYoungGen      total 38400K, used 38290K [0x00000000d5e00000, 0x00000000da900000, 0x0000000100000000)
  eden space 33280K, 100% used [0x00000000d5e00000,0x00000000d7e80000,0x00000000d7e80000)
  from space 5120K, 97% used [0x00000000d7e80000,0x00000000d8364af8,0x00000000d8380000)
  to   space 5120K, 0% used [0x00000000da400000,0x00000000da400000,0x00000000da900000)
 ParOldGen       total 87552K, used 24K [0x0000000081a00000, 0x0000000086f80000, 0x00000000d5e00000)
  object space 87552K, 0% used [0x0000000081a00000,0x0000000081a06000,0x0000000086f80000)
 Metaspace       used 16167K, capacity 16600K, committed 16896K, reserved 1064960K
  class space    used 2115K, capacity 2234K, committed 2304K, reserved 1048576K
Event: 3.845 GC heap after
Heap after GC invocations=4 (full 0):
 PSYoungGen      total 71680K, used 5119K [0x00000000d5e00000, 0x00000000da900000, 0x0000000100000000)
  eden space 66560K, 0% used [0x00000000d5e00000,0x00000000d5e00000,0x00000000d9f00000)
  from space 5120K, 99% used [0x00000000da400000,0x00000000da8ffe10,0x00000000da900000)
  to   space 5120K, 0% used [0x00000000d9f00000,0x00000000d9f00000,0x00000000da400000)
 ParOldGen       total 87552K, used 532K [0x0000000081a00000, 0x0000000086f80000, 0x00000000d5e00000)
  object space 87552K, 0% used [0x0000000081a00000,0x0000000081a853a8,0x0000000086f80000)
 Metaspace       used 16167K, capacity 16600K, committed 16896K, reserved 1064960K
  class space    used 2115K, capacity 2234K, committed 2304K, reserved 1048576K
}
Event: 4.753 GC heap before
{Heap before GC invocations=5 (full 0):
 PSYoungGen      total 71680K, used 61263K [0x00000000d5e00000, 0x00000000da900000, 0x0000000100000000)
  eden space 66560K, 84% used [0x00000000d5e00000,0x00000000d94d4088,0x00000000d9f00000)
  from space 5120K, 99% used [0x00000000da400000,0x00000000da8ffe10,0x00000000da900000)
  to   space 5120K, 0% used [0x00000000d9f00000,0x00000000d9f00000,0x00000000da400000)
 ParOldGen       total 87552K, used 532K [0x0000000081a00000, 0x0000000086f80000, 0x00000000d5e00000)
  object space 87552K, 0% used [0x0000000081a00000,0x0000000081a853a8,0x0000000086f80000)
 Metaspace       used 20591K, capacity 21102K, committed 21248K, reserved 1067008K
  class space    used 2625K, capacity 2783K, committed 2816K, reserved 1048576K
Event: 4.773 GC heap after
Heap after GC invocations=5 (full 0):
 PSYoungGen      total 71680K, used 5091K [0x00000000d5e00000, 0x00000000df100000, 0x0000000100000000)
  eden space 66560K, 0% used [0x00000000d5e00000,0x00000000d5e00000,0x00000000d9f00000)
  from space 5120K, 99% used [0x00000000d9f00000,0x00000000da3f8e70,0x00000000da400000)
  to   space 8704K, 0% used [0x00000000de880000,0x00000000de880000,0x00000000df100000)
 ParOldGen       total 87552K, used 4399K [0x0000000081a00000, 0x0000000086f80000, 0x00000000d5e00000)
  object space 87552K, 5% used [0x0000000081a00000,0x0000000081e4bc00,0x0000000086f80000)
 Metaspace       used 20591K, capacity 21102K, committed 21248K, reserved 1067008K
  class space    used 2625K, capacity 2783K, committed 2816K, reserved 1048576K
}
Event: 4.773 GC heap before
{Heap before GC invocations=6 (full 1):
 PSYoungGen      total 71680K, used 5091K [0x00000000d5e00000, 0x00000000df100000, 0x0000000100000000)
  eden space 66560K, 0% used [0x00000000d5e00000,0x00000000d5e00000,0x00000000d9f00000)
  from space 5120K, 99% used [0x00000000d9f00000,0x00000000da3f8e70,0x00000000da400000)
  to   space 8704K, 0% used [0x00000000de880000,0x00000000de880000,0x00000000df100000)
 ParOldGen       total 87552K, used 4399K [0x0000000081a00000, 0x0000000086f80000, 0x00000000d5e00000)
  object space 87552K, 5% used [0x0000000081a00000,0x0000000081e4bc00,0x0000000086f80000)
 Metaspace       used 20591K, capacity 21102K, committed 21248K, reserved 1067008K
  class space    used 2625K, capacity 2783K, committed 2816K, reserved 1048576K
Event: 4.847 GC heap after
Heap after GC invocations=6 (full 1):
 PSYoungGen      total 71680K, used 0K [0x00000000d5e00000, 0x00000000df100000, 0x0000000100000000)
  eden space 66560K, 0% used [0x00000000d5e00000,0x00000000d5e00000,0x00000000d9f00000)
  from space 5120K, 0% used [0x00000000d9f00000,0x00000000d9f00000,0x00000000da400000)
  to   space 8704K, 0% used [0x00000000de880000,0x00000000de880000,0x00000000df100000)
 ParOldGen       total 59904K, used 8802K [0x0000000081a00000, 0x0000000085480000, 0x00000000d5e00000)
  object space 59904K, 14% used [0x0000000081a00000,0x00000000822989e0,0x0000000085480000)
 Metaspace       used 20591K, capacity 21102K, committed 21248K, reserved 1067008K
  class space    used 2625K, capacity 2783K, committed 2816K, reserved 1048576K
}
Event: 6.354 GC heap before
{Heap before GC invocations=7 (full 1):
 PSYoungGen      total 71680K, used 66560K [0x00000000d5e00000, 0x00000000df100000, 0x0000000100000000)
  eden space 66560K, 100% used [0x00000000d5e00000,0x00000000d9f00000,0x00000000d9f00000)
  from space 5120K, 0% used [0x00000000d9f00000,0x00000000d9f00000,0x00000000da400000)
  to   space 8704K, 0% used [0x00000000de880000,0x00000000de880000,0x00000000df100000)
 ParOldGen       total 59904K, used 8802K [0x0000000081a00000, 0x0000000085480000, 0x00000000d5e00000)
  object space 59904K, 14% used [0x0000000081a00000,0x00000000822989e0,0x0000000085480000)
 Metaspace       used 24873K, capacity 25460K, committed 25728K, reserved 1071104K
  class space    used 3189K, capacity 3344K, committed 3456K, reserved 1048576K
Event: 6.374 GC heap after
Heap after GC invocations=7 (full 1):
 PSYoungGen      total 111104K, used 8003K [0x00000000d5e00000, 0x00000000df080000, 0x0000000100000000)
  eden space 102912K, 0% used [0x00000000d5e00000,0x00000000d5e00000,0x00000000dc280000)
  from space 8192K, 97% used [0x00000000de880000,0x00000000df050d18,0x00000000df080000)
  to   space 9728K, 0% used [0x00000000ddd80000,0x00000000ddd80000,0x00000000de700000)
 ParOldGen       total 59904K, used 8874K [0x0000000081a00000, 0x0000000085480000, 0x00000000d5e00000)
  object space 59904K, 14% used [0x0000000081a00000,0x00000000822aa9f0,0x0000000085480000)
 Metaspace       used 24873K, capacity 25460K, committed 25728K, reserved 1071104K
  class space    used 3189K, capacity 3344K, committed 3456K, reserved 1048576K
}
Event: 7.810 GC heap before
{Heap before GC invocations=8 (full 1):
 PSYoungGen      total 111104K, used 110915K [0x00000000d5e00000, 0x00000000df080000, 0x0000000100000000)
  eden space 102912K, 100% used [0x00000000d5e00000,0x00000000dc280000,0x00000000dc280000)
  from space 8192K, 97% used [0x00000000de880000,0x00000000df050d18,0x00000000df080000)
  to   space 9728K, 0% used [0x00000000ddd80000,0x00000000ddd80000,0x00000000de700000)
 ParOldGen       total 59904K, used 8874K [0x0000000081a00000, 0x0000000085480000, 0x00000000d5e00000)
  object space 59904K, 14% used [0x0000000081a00000,0x00000000822aa9f0,0x0000000085480000)
 Metaspace       used 30222K, capacity 30888K, committed 31232K, reserved 1077248K
  class space    used 4061K, capacity 4232K, committed 4352K, reserved 1048576K
Event: 7.833 GC heap after
Heap after GC invocations=8 (full 1):
 PSYoungGen      total 112640K, used 9721K [0x00000000d5e00000, 0x00000000df080000, 0x0000000100000000)
  eden space 102912K, 0% used [0x00000000d5e00000,0x00000000d5e00000,0x00000000dc280000)
  from space 9728K, 99% used [0x00000000ddd80000,0x00000000de6fe558,0x00000000de700000)
  to   space 8192K, 0% used [0x00000000de880000,0x00000000de880000,0x00000000df080000)
 ParOldGen       total 59904K, used 12464K [0x0000000081a00000, 0x0000000085480000, 0x00000000d5e00000)
  object space 59904K, 20% used [0x0000000081a00000,0x000000008262c2e0,0x0000000085480000)
 Metaspace       used 30222K, capacity 30888K, committed 31232K, reserved 1077248K
  class space    used 4061K, capacity 4232K, committed 4352K, reserved 1048576K
}

Deoptimization events (10 events):
Event: 6.309 Thread 0x0000000002014000 Uncommon trap: reason=array_check action=maybe_recompile pc=0x0000000002b3a8c0 method=java.util.AbstractCollection.toArray([Ljava/lang/Object;)[Ljava/lang/Object; @ 119
Event: 6.322 Thread 0x000000001acaf000 Uncommon trap: reason=predicate action=maybe_recompile pc=0x00000000026694a8 method=java.lang.String.regionMatches(ZILjava/lang/String;II)Z @ 63
Event: 6.923 Thread 0x0000000002014000 Uncommon trap: reason=bimorphic action=maybe_recompile pc=0x0000000002bdb320 method=org.springframework.util.StringUtils.collectionToDelimitedString(Ljava/util/Collection;Ljava/lang/String;Ljava/lang/String;Ljava/lang/String;)Ljava/lang/String; @ 20
Event: 7.114 Thread 0x0000000002014000 Uncommon trap: reason=unstable_if action=reinterpret pc=0x00000000029bf8a0 method=org.springframework.asm.MethodVisitor.visitMethodInsn(ILjava/lang/String;Ljava/lang/String;Ljava/lang/String;Z)V @ 50
Event: 7.137 Thread 0x0000000002014000 Uncommon trap: reason=unstable_if action=reinterpret pc=0x0000000002979904 method=java.util.LinkedList.node(I)Ljava/util/LinkedList$Node; @ 19
Event: 7.281 Thread 0x0000000002014000 Uncommon trap: reason=unloaded action=reinterpret pc=0x00000000029b0894 method=java.lang.Class.createAnnotationData(I)Ljava/lang/Class$AnnotationData; @ 98
Event: 7.600 Thread 0x0000000002014000 Uncommon trap: reason=class_check action=maybe_recompile pc=0x0000000002b924c4 method=java.util.AbstractList$Itr.next()Ljava/lang/Object; @ 14
Event: 7.604 Thread 0x0000000002014000 Uncommon trap: reason=class_check action=maybe_recompile pc=0x0000000002b924c4 method=java.util.AbstractList$Itr.next()Ljava/lang/Object; @ 14
Event: 7.604 Thread 0x0000000002014000 Uncommon trap: reason=class_check action=maybe_recompile pc=0x0000000002b924c4 method=java.util.AbstractList$Itr.next()Ljava/lang/Object; @ 14
Event: 7.638 Thread 0x0000000002014000 Uncommon trap: reason=class_check action=maybe_recompile pc=0x0000000002b924c4 method=java.util.AbstractList$Itr.next()Ljava/lang/Object; @ 14

Internal exceptions (10 events):
Event: 4.358 Thread 0x0000000002014000 Exception <a 'java/lang/ClassNotFoundException': org/springframework/context/EnvironmentAwareCustomizer> (0x00000000d7b20740) thrown at [C:\re\workspace\8-2-build-windows-amd64-cygwin\jdk8u144\9417\hotspot\src\share\vm\classfile\systemDictionary.cpp, line
Event: 5.624 Thread 0x000000001acaf000 Exception <a 'java/lang/IncompatibleClassChangeError': Found class java.lang.Object, but interface was expected> (0x00000000d7f3e7d0) thrown at [C:\re\workspace\8-2-build-windows-amd64-cygwin\jdk8u144\9417\hotspot\src\share\vm\interpreter\linkResolver.cpp
Event: 7.270 Thread 0x0000000002014000 Exception <a 'java/lang/ClassNotFoundException': java/lang/ObjectCustomizer> (0x00000000d98d6290) thrown at [C:\re\workspace\8-2-build-windows-amd64-cygwin\jdk8u144\9417\hotspot\src\share\vm\classfile\systemDictionary.cpp, line 210]
Event: 7.272 Thread 0x0000000002014000 Exception <a 'java/lang/ClassNotFoundException': org/springframework/beans/factory/config/InstantiationAwareBeanPostProcessorAdapterCustomizer> (0x00000000d9906e88) thrown at [C:\re\workspace\8-2-build-windows-amd64-cygwin\jdk8u144\9417\hotspot\src\share\
Event: 7.273 Thread 0x0000000002014000 Exception <a 'java/lang/ClassNotFoundException': org/springframework/boot/test/mock/mockito/MockitoPostProcessorCustomizer> (0x00000000d9936d20) thrown at [C:\re\workspace\8-2-build-windows-amd64-cygwin\jdk8u144\9417\hotspot\src\share\vm\classfile\systemD
Event: 7.276 Thread 0x0000000002014000 Exception <a 'java/lang/ClassNotFoundException': org/springframework/beans/factory/BeanClassLoaderAwareCustomizer> (0x00000000d9969398) thrown at [C:\re\workspace\8-2-build-windows-amd64-cygwin\jdk8u144\9417\hotspot\src\share\vm\classfile\systemDictionary
Event: 7.276 Thread 0x0000000002014000 Exception <a 'java/lang/ClassNotFoundException': org/springframework/beans/factory/BeanFactoryAwareCustomizer> (0x00000000d998ab68) thrown at [C:\re\workspace\8-2-build-windows-amd64-cygwin\jdk8u144\9417\hotspot\src\share\vm\classfile\systemDictionary.cpp
Event: 7.277 Thread 0x0000000002014000 Exception <a 'java/lang/ClassNotFoundException': org/springframework/beans/factory/config/BeanFactoryPostProcessorCustomizer> (0x00000000d99b25b0) thrown at [C:\re\workspace\8-2-build-windows-amd64-cygwin\jdk8u144\9417\hotspot\src\share\vm\classfile\syste
Event: 7.278 Thread 0x0000000002014000 Exception <a 'java/lang/ClassNotFoundException': org/springframework/core/OrderedCustomizer> (0x00000000d99cc800) thrown at [C:\re\workspace\8-2-build-windows-amd64-cygwin\jdk8u144\9417\hotspot\src\share\vm\classfile\systemDictionary.cpp, line 210]
Event: 7.279 Thread 0x0000000002014000 Exception <a 'java/lang/ClassNotFoundException': org/springframework/beans/factory/config/SmartInstantiationAwareBeanPostProcessorCustomizer> (0x00000000d99f9938) thrown at [C:\re\workspace\8-2-build-windows-amd64-cygwin\jdk8u144\9417\hotspot\src\share\vm

Events (10 events):
Event: 7.935 loading class net/bytebuddy/dynamic/scaffold/MethodRegistry$Compiled
Event: 7.935 loading class net/bytebuddy/dynamic/scaffold/MethodRegistry$Compiled done
Event: 7.936 loading class net/bytebuddy/dynamic/scaffold/TypeWriter$MethodPool
Event: 7.936 loading class net/bytebuddy/dynamic/scaffold/TypeWriter$MethodPool done
Event: 7.937 loading class net/bytebuddy/dynamic/scaffold/subclass/SubclassImplementationTarget$Factory
Event: 7.937 loading class net/bytebuddy/dynamic/scaffold/subclass/SubclassImplementationTarget$Factory done
Event: 7.937 loading class net/bytebuddy/implementation/Implementation$Target
Event: 7.937 loading class net/bytebuddy/implementation/Implementation$Target done
Event: 7.938 loading class net/bytebuddy/dynamic/scaffold/subclass/SubclassImplementationTarget$OriginTypeResolver
Event: 7.938 loading class net/bytebuddy/dynamic/scaffold/subclass/SubclassImplementationTarget$OriginTypeResolver done


Dynamic libraries:
0x00007ff6808c0000 - 0x00007ff6808f7000 	C:\Program Files\Java\jdk1.8.0_144\bin\java.exe
0x00007ffda5a90000 - 0x00007ffda5c3d000 	C:\Windows\SYSTEM32\ntdll.dll
0x00007ffda33e0000 - 0x00007ffda351e000 	C:\Windows\system32\KERNEL32.DLL
0x00007ffda3000000 - 0x00007ffda3115000 	C:\Windows\system32\KERNELBASE.dll
0x00007ffda1780000 - 0x00007ffda180e000 	C:\Windows\system32\apphelp.dll
0x00007ffd98e60000 - 0x00007ffd98eb3000 	C:\Windows\AppPatch\AppPatch64\AcGenral.DLL
0x00007ffda5860000 - 0x00007ffda590a000 	C:\Windows\system32\msvcrt.dll
0x00007ffda2ec0000 - 0x00007ffda2eee000 	C:\Windows\system32\SspiCli.dll
0x00007ffda3d10000 - 0x00007ffda3d64000 	C:\Windows\system32\SHLWAPI.dll
0x00007ffda3980000 - 0x00007ffda3af7000 	C:\Windows\system32\USER32.dll
0x00007ffda5590000 - 0x00007ffda5724000 	C:\Windows\system32\ole32.dll
0x00007ffda4030000 - 0x00007ffda555c000 	C:\Windows\system32\SHELL32.dll
0x00007ffda2180000 - 0x00007ffda21a1000 	C:\Windows\SYSTEM32\USERENV.dll
0x00007ffda5910000 - 0x00007ffda59ba000 	C:\Windows\system32\ADVAPI32.dll
0x00007ffd9dae0000 - 0x00007ffd9dafe000 	C:\Windows\SYSTEM32\MPR.dll
0x00007ffda3dd0000 - 0x00007ffda3f10000 	C:\Windows\system32\RPCRT4.dll
0x00007ffda3d70000 - 0x00007ffda3dc9000 	C:\Windows\SYSTEM32\sechost.dll
0x00007ffda3760000 - 0x00007ffda3972000 	C:\Windows\SYSTEM32\combase.dll
0x00007ffda3290000 - 0x00007ffda33db000 	C:\Windows\system32\GDI32.dll
0x00007ffda2bc0000 - 0x00007ffda2bd5000 	C:\Windows\SYSTEM32\profapi.dll
0x00007ffda0ed0000 - 0x00007ffda0f82000 	C:\Windows\SYSTEM32\SHCORE.dll
0x00007ffda3f10000 - 0x00007ffda3f46000 	C:\Windows\system32\IMM32.DLL
0x00007ffda3130000 - 0x00007ffda3281000 	C:\Windows\system32\MSCTF.dll
0x00007ffd9fc00000 - 0x00007ffd9fe7b000 	C:\Windows\WinSxS\amd64_microsoft.windows.common-controls_6595b64144ccf1df_6.0.9600.18006_none_623f33d3ecbe86e8\COMCTL32.dll
0x00000000549e0000 - 0x0000000054ab2000 	C:\Program Files\Java\jdk1.8.0_144\jre\bin\msvcr100.dll
0x00000000534e0000 - 0x0000000053d7d000 	C:\Program Files\Java\jdk1.8.0_144\jre\bin\server\jvm.dll
0x00007ffd8fd10000 - 0x00007ffd8fd19000 	C:\Windows\SYSTEM32\WSOCK32.dll
0x00007ffd8faa0000 - 0x00007ffd8fac2000 	C:\Windows\SYSTEM32\WINMM.dll
0x00007ffd9e870000 - 0x00007ffd9e87a000 	C:\Windows\SYSTEM32\VERSION.dll
0x00007ffda3120000 - 0x00007ffda3127000 	C:\Windows\system32\PSAPI.DLL
0x00007ffda3520000 - 0x00007ffda357a000 	C:\Windows\system32\WS2_32.dll
0x00007ffd8fa70000 - 0x00007ffd8fa9a000 	C:\Windows\SYSTEM32\WINMMBASE.dll
0x00007ffda5560000 - 0x00007ffda5569000 	C:\Windows\system32\NSI.dll
0x00007ffda2c90000 - 0x00007ffda2cdf000 	C:\Windows\SYSTEM32\cfgmgr32.dll
0x00007ffda19e0000 - 0x00007ffda1a08000 	C:\Windows\SYSTEM32\DEVOBJ.dll
0x00000000549d0000 - 0x00000000549df000 	C:\Program Files\Java\jdk1.8.0_144\jre\bin\verify.dll
0x00000000549a0000 - 0x00000000549c9000 	C:\Program Files\Java\jdk1.8.0_144\jre\bin\java.dll
0x0000000054950000 - 0x0000000054973000 	C:\Program Files\Java\jdk1.8.0_144\jre\bin\instrument.dll
0x0000000054980000 - 0x0000000054996000 	C:\Program Files\Java\jdk1.8.0_144\jre\bin\zip.dll
0x00007ffd98750000 - 0x00007ffd9876a000 	C:\Program Files\JetBrains\IntelliJ IDEA 2017.2.5\bin\breakgen64.dll
0x0000000054930000 - 0x000000005494a000 	C:\Program Files\Java\jdk1.8.0_144\jre\bin\net.dll
0x00007ffda23f0000 - 0x00007ffda2449000 	C:\Windows\system32\mswsock.dll
0x0000000054910000 - 0x0000000054921000 	C:\Program Files\Java\jdk1.8.0_144\jre\bin\nio.dll
0x0000000054900000 - 0x000000005490d000 	C:\Program Files\Java\jdk1.8.0_144\jre\bin\management.dll
0x00007ffd90520000 - 0x00007ffd90535000 	C:\Windows\system32\napinsp.dll
0x00007ffd90020000 - 0x00007ffd9003a000 	C:\Windows\system32\pnrpnsp.dll
0x00007ffd9cb00000 - 0x00007ffd9cb1b000 	C:\Windows\system32\NLAapi.dll
0x00007ffda21f0000 - 0x00007ffda2294000 	C:\Windows\SYSTEM32\DNSAPI.dll
0x00007ffd910d0000 - 0x00007ffd910dd000 	C:\Windows\System32\winrnr.dll
0x00007ffd90000000 - 0x00007ffd90014000 	C:\Windows\system32\wshbth.dll
0x00007ffd8f630000 - 0x00007ffd8f63a000 	C:\Windows\System32\rasadhlp.dll
0x00007ffd9d680000 - 0x00007ffd9d6aa000 	C:\Windows\SYSTEM32\IPHLPAPI.DLL
0x00007ffd9d670000 - 0x00007ffd9d67a000 	C:\Windows\SYSTEM32\WINNSI.DLL
0x00007ffd9b910000 - 0x00007ffd9b97b000 	C:\Windows\System32\fwpuclnt.dll

VM Arguments:
jvm_args: -ea -Didea.test.cyclic.buffer.size=1048576 -javaagent:C:\Program Files\JetBrains\IntelliJ IDEA 2017.2.5\lib\idea_rt.jar=50672:C:\Program Files\JetBrains\IntelliJ IDEA 2017.2.5\bin -Dfile.encoding=UTF-8 
java_command: com.intellij.rt.execution.junit.JUnitStarter -ideVersion5 -junit4 com.crud.tasks.controller.TaskControllerTestSuite,testGetTask
java_class_path (initial): C:\Program Files\JetBrains\IntelliJ IDEA 2017.2.5\lib\idea_rt.jar;C:\Program Files\JetBrains\IntelliJ IDEA 2017.2.5\plugins\junit\lib\junit-rt.jar;C:\Program Files\JetBrains\IntelliJ IDEA 2017.2.5\plugins\junit\lib\junit5-rt.jar;C:\Program Files\Java\jdk1.8.0_144\jre\lib\charsets.jar;C:\Program Files\Java\jdk1.8.0_144\jre\lib\deploy.jar;C:\Program Files\Java\jdk1.8.0_144\jre\lib\ext\access-bridge-64.jar;C:\Program Files\Java\jdk1.8.0_144\jre\lib\ext\cldrdata.jar;C:\Program Files\Java\jdk1.8.0_144\jre\lib\ext\dnsns.jar;C:\Program Files\Java\jdk1.8.0_144\jre\lib\ext\jaccess.jar;C:\Program Files\Java\jdk1.8.0_144\jre\lib\ext\jfxrt.jar;C:\Program Files\Java\jdk1.8.0_144\jre\lib\ext\localedata.jar;C:\Program Files\Java\jdk1.8.0_144\jre\lib\ext\nashorn.jar;C:\Program Files\Java\jdk1.8.0_144\jre\lib\ext\sunec.jar;C:\Program Files\Java\jdk1.8.0_144\jre\lib\ext\sunjce_provider.jar;C:\Program Files\Java\jdk1.8.0_144\jre\lib\ext\sunmscapi.jar;C:\Program Files\Java\jdk1.8.0_144\jre\lib\ext\sunpkcs11.jar;C:\Program Files\Java\jdk1.8.0_144\jre\lib\ext\zipfs.jar;C:\Program Files\Java\jdk1.8.0_144\jre\lib\javaws.jar;C:\Program Files\Java\jdk1.8.0_144\jre\lib\jce.jar;C:\Program Files\Java\jdk1.8.0_144\jre\lib\jfr.jar;C:\Program Files\Java\jdk1.8.0_144\jre\lib\jfxswt.jar;C:\Program Files\Java\jdk1.8.0_144\jre\lib\jsse.jar;C:\Program Files\Java\jdk1.8.0_144\jre\lib\management-agent.jar;C:\Program Files\Java\jdk1.8.0_144\jre\lib\plugin.jar;C:\Program Files\Java\jdk1.8.0_144\jre\lib\resources.jar;C:\Program Files\Java\jdk1.8.0_144\jre\lib\rt.jar;C:\Users\Dariusaz\Documents\Java_Projects\tasks\out\test\classes;C:\Users\Dariusaz\Documents\Java_Projects\tasks\out\production\classes;C:\Users\Dariusaz\Documents\Java_Projects\tasks\out\production\resources;C:\Users\Dariusaz\.gradle\caches\modules-2\files-2.1\org.springframework.boot\spring-boot-starter-data-jpa\2.0.0.BUILD-SNAPSHOT\a0c0874325d09636f5e6ef1f573c5e2c25e7a7da\spring-boot-starter-data-jpa-2.0.0.BUILD-S
Launcher Type: SUN_STANDARD

Environment Variables:
JAVA_HOME=c:\Program Files\Java\jre1.8.0_144
PATH=c:\Program Files\Java\jre1.8.0_144\bin;C:\gradle-4.2.1\bin;C:\Program Files\MySQL\MySQL Utilities 1.6\;C:\Program Files (x86)\Skype\Phone\;C:\Program Files\nodejs\;C:\Program Files\Git\cmd;C:\Program Files\Git\mingw64\bin;C:\Program Files\Git\usr\bin;C:\Program Files\Intel\WiFi\bin\;C:\Program Files\Common Files\Intel\WirelessCommon\;C:\gradle-4.2.1\bin;C:\Users\Dariusaz\AppData\Roaming\npm;C:\Program Files\Heroku\bin
USERNAME=Dariusaz
OS=Windows_NT
PROCESSOR_IDENTIFIER=Intel64 Family 6 Model 69 Stepping 1, GenuineIntel



---------------  S Y S T E M  ---------------

OS: Windows 8.1 , 64 bit Build 9600 (6.3.9600.17415)

CPU:total 4 (initial active 4) (2 cores per cpu, 2 threads per core) family 6 model 69 stepping 1, cmov, cx8, fxsr, mmx, sse, sse2, sse3, ssse3, sse4.1, sse4.2, popcnt, avx, avx2, aes, clmul, erms, lzcnt, ht, tsc, tscinvbit, bmi1, bmi2

Memory: 4k page, physical 8278296k(1238836k free), swap 33444120k(5404k free)

vm_info: Java HotSpot(TM) 64-Bit Server VM (25.144-b01) for windows-amd64 JRE (1.8.0_144-b01), built on Jul 21 2017 21:57:33 by "java_re" with MS VC++ 10.0 (VS2010)

time: Fri Feb 02 14:08:55 2018
elapsed time: 8 seconds (0d 0h 0m 8s)

